Removed Pin From Net: NetName=VOUT_N Pin=D14-1
Removed Pin From Net: NetName=VOUT_N Pin=D15-1
Removed Pin From Net: NetName=VOUT_N Pin=D_CLAMP_14-2
Removed Pin From Net: NetName=VOUT_N Pin=Dtg2-1
Removed Pin From Net: NetName=VOUT_N Pin=MT_C_AA-1
Removed Pin From Net: NetName=VOUT_N Pin=MT_C_AB-1
Removed Pin From Net: NetName=VOUT_N Pin=MT_C_AC-1
Removed Pin From Net: NetName=VOUT_N Pin=MT_C_AD-1
Removed Pin From Net: NetName=VOUT_N Pin=MT_C_AE-1
Removed Pin From Net: NetName=VOUT_N Pin=MT_C_AF-1
Removed Pin From Net: NetName=VOUT_N Pin=MT_C_AG-1
Removed Pin From Net: NetName=VOUT_N Pin=MT_C_AH-1
Removed Pin From Net: NetName=VOUT_N Pin=MT_C_AI-1
Removed Pin From Net: NetName=VOUT_N Pin=MT_C_AJ-1
Removed Pin From Net: NetName=VOUT_N Pin=MT_C_AK-1
Removed Pin From Net: NetName=VOUT_N Pin=MT_C_AL-1
Removed Pin From Net: NetName=VOUT_N Pin=MT_C_AM-1
Removed Pin From Net: NetName=VOUT_N Pin=MT_C_AN-1
Removed Pin From Net: NetName=VOUT_N Pin=MT_C_BA-1
Removed Pin From Net: NetName=VOUT_N Pin=MT_C_BB-1
Removed Pin From Net: NetName=VOUT_N Pin=MT_C_BC-1
Removed Pin From Net: NetName=VOUT_N Pin=MT_C_BD-1
Removed Pin From Net: NetName=VOUT_N Pin=MT_C_BE-1
Removed Pin From Net: NetName=VOUT_N Pin=MT_C_BF-1
Removed Pin From Net: NetName=VOUT_N Pin=MT_C_BG-1
Removed Pin From Net: NetName=VOUT_N Pin=MT_C_BH-1
Removed Pin From Net: NetName=VOUT_N Pin=MT_C_BI-1
Removed Pin From Net: NetName=VOUT_N Pin=MT_C_BJ-1
Removed Pin From Net: NetName=VOUT_N Pin=MT_C_BK-1
Removed Pin From Net: NetName=VOUT_N Pin=MT_C_BL-1
Removed Pin From Net: NetName=VOUT_N Pin=MT_C_CA-1
Removed Pin From Net: NetName=VOUT_N Pin=MT_C_CA-2
Removed Pin From Net: NetName=VOUT_N Pin=MT_C_CB-1
Removed Pin From Net: NetName=VOUT_N Pin=MT_C_CB-2
Removed Pin From Net: NetName=VOUT_N Pin=MT_C_CC-1
Removed Pin From Net: NetName=VOUT_N Pin=MT_C_CC-2
Removed Pin From Net: NetName=VOUT_N Pin=MT_C_CD-1
Removed Pin From Net: NetName=VOUT_N Pin=MT_C_CD-2
Removed Pin From Net: NetName=VOUT_N Pin=MT_C_CE-1
Removed Pin From Net: NetName=VOUT_N Pin=MT_C_CE-2
Removed Pin From Net: NetName=VOUT_N Pin=MT_C_CF-1
Removed Pin From Net: NetName=VOUT_N Pin=MT_C_CF-2
Removed Pin From Net: NetName=VOUT_N Pin=MT_C_CG-1
Removed Pin From Net: NetName=VOUT_N Pin=MT_C_CG-2
Removed Pin From Net: NetName=VOUT_N Pin=MT_C_CH-1
Removed Pin From Net: NetName=VOUT_N Pin=MT_C_CH-2
Removed Pin From Net: NetName=VOUT_N Pin=MT_C_CI-1
Removed Pin From Net: NetName=VOUT_N Pin=MT_C_CI-2
Removed Pin From Net: NetName=VOUT_N Pin=MT_C_CJ-1
Removed Pin From Net: NetName=VOUT_N Pin=MT_C_CJ-2
Removed Pin From Net: NetName=VOUT_N Pin=MT_C_CK-1
Removed Pin From Net: NetName=VOUT_N Pin=MT_C_CK-2
Removed Pin From Net: NetName=VOUT_N Pin=MT_C_CL-1
Removed Pin From Net: NetName=VOUT_N Pin=MT_C_CL-2
Removed Pin From Net: NetName=VOUT_N Pin=MT_C_CM-1
Removed Pin From Net: NetName=VOUT_N Pin=MT_C_CN-1
Removed Pin From Net: NetName=VOUT_N Pin=MT_C_DA-1
Removed Pin From Net: NetName=VOUT_N Pin=MT_C_DB-1
Removed Pin From Net: NetName=VOUT_N Pin=MT_C_DC-1
Removed Pin From Net: NetName=VOUT_N Pin=MT_C_DD-1
Removed Pin From Net: NetName=VOUT_N Pin=MT_C_DE-1
Removed Pin From Net: NetName=VOUT_N Pin=MT_C_DF-1
Removed Pin From Net: NetName=VOUT_N Pin=MT_C_DG-1
Removed Pin From Net: NetName=VOUT_N Pin=MT_C_DH-1
Removed Pin From Net: NetName=VOUT_N Pin=MT_C_DI-1
Removed Pin From Net: NetName=VOUT_N Pin=MT_C_DJ-1
Removed Pin From Net: NetName=VOUT_N Pin=MT_C_DK-1
Removed Pin From Net: NetName=VOUT_N Pin=MT_C_DL-1
Removed Pin From Net: NetName=VOUT_N Pin=MT_C_EA-1
Removed Pin From Net: NetName=VOUT_N Pin=MT_C_EB-1
Removed Pin From Net: NetName=VOUT_N Pin=MT_C_EC-1
Removed Pin From Net: NetName=VOUT_N Pin=MT_C_ED-1
Removed Pin From Net: NetName=VOUT_N Pin=MT_C_EE-1
Removed Pin From Net: NetName=VOUT_N Pin=MT_C_EF-1
Removed Pin From Net: NetName=VOUT_N Pin=MT_C_EG-1
Removed Pin From Net: NetName=VOUT_N Pin=MT_C_EH-1
Removed Pin From Net: NetName=VOUT_N Pin=MT_C_EI-1
Removed Pin From Net: NetName=VOUT_N Pin=MT_C_EJ-1
Removed Pin From Net: NetName=VOUT_N Pin=MT_C_EK-1
Removed Pin From Net: NetName=VOUT_N Pin=MT_C_EL-1
Removed Pin From Net: NetName=VOUT_N Pin=MT_C_FA-1
Removed Pin From Net: NetName=VOUT_N Pin=MT_C_FB-1
Removed Pin From Net: NetName=VOUT_N Pin=MT_C_FC-1
Removed Pin From Net: NetName=VOUT_N Pin=MT_C_FD-1
Removed Pin From Net: NetName=VOUT_N Pin=MT_C_FE-1
Removed Pin From Net: NetName=VOUT_N Pin=MT_C_FF-1
Removed Pin From Net: NetName=VOUT_N Pin=MT_C_FG-1
Removed Pin From Net: NetName=VOUT_N Pin=MT_C_FH-1
Removed Pin From Net: NetName=VOUT_N Pin=MT_C_FI-1
Removed Pin From Net: NetName=VOUT_N Pin=MT_C_FJ-1
Removed Pin From Net: NetName=VOUT_N Pin=MT_C_FK-1
Removed Pin From Net: NetName=VOUT_N Pin=MT_C_FL-1
Removed Pin From Net: NetName=VOUT_N Pin=MT_D_IN_B-2
Removed Pin From Net: NetName=VOUT_N Pin=MT_D_IN_D-2
Removed Pin From Net: NetName=VOUT_N Pin=MT_D_IN_F-2
Removed Pin From Net: NetName=VOUT_N Pin=MT_D_IN_H-2
Removed Pin From Net: NetName=VOUT_N Pin=MT_D_IN_J-2
Removed Pin From Net: NetName=VOUT_N Pin=MT_D_IN_L-2
Removed Pin From Net: NetName=VOUT_N Pin=MT_D_IN_N-2
Removed Pin From Net: NetName=VOUT_N Pin=MT_D_IN_P-2
Removed Pin From Net: NetName=VOUT_N Pin=MT_KB-4
Removed Pin From Net: NetName=VOUT_N Pin=MT_Q4-2
Removed Pin From Net: NetName=VOUT_N Pin=MT_R_CS-2
Removed Pin From Net: NetName=VOUT_N Pin=MT_R_CSS_N-1
Removed Pin From Net: NetName=VOUT_N Pin=MT_R_EXTVCC-1
Removed Pin From Net: NetName=VOUT_N Pin=MT_R_FV-1
Removed Pin From Net: NetName=VOUT_N Pin=MT_R_VOUT_A-2
Removed Pin From Net: NetName=VOUT_N Pin=MT_RT_TA-1
Removed Pin From Net: NetName=VOUT_N Pin=MT_RT_TB-1
Removed Pin From Net: NetName=VOUT_N Pin=MT_RT_TD-1
Removed Pin From Net: NetName=VOUT_N Pin=MT_RT_TE-1
Removed Pin From Net: NetName=VOUT_N Pin=MT_RT_TG-1
Removed Pin From Net: NetName=VOUT_N Pin=MT_RT_TJ-1
Removed Pin From Net: NetName=VOUT_N Pin=MT_RT_TK-1
Removed Pin From Net: NetName=VOUT_N Pin=R10-2
Removed Pin From Net: NetName=VOUT_N Pin=R110-1
Removed Pin From Net: NetName=VOUT_N Pin=R140-1
Added Pin To Net: NetName=GND Pin=D14-1
Added Pin To Net: NetName=GND Pin=D15-1
Added Pin To Net: NetName=GND Pin=D_CLAMP_14-2
Added Pin To Net: NetName=VOUT_P Pin=Dtg2-1
Added Pin To Net: NetName=GND Pin=MT_C_AA-1
Added Pin To Net: NetName=GND Pin=MT_C_AB-1
Added Pin To Net: NetName=GND Pin=MT_C_AC-1
Added Pin To Net: NetName=GND Pin=MT_C_AD-1
Added Pin To Net: NetName=GND Pin=MT_C_AE-1
Added Pin To Net: NetName=GND Pin=MT_C_AF-1
Added Pin To Net: NetName=GND Pin=MT_C_AG-1
Added Pin To Net: NetName=GND Pin=MT_C_AH-1
Added Pin To Net: NetName=GND Pin=MT_C_AI-1
Added Pin To Net: NetName=GND Pin=MT_C_AJ-1
Added Pin To Net: NetName=GND Pin=MT_C_AK-1
Added Pin To Net: NetName=GND Pin=MT_C_AL-1
Added Pin To Net: NetName=GND Pin=MT_C_AM-1
Added Pin To Net: NetName=GND Pin=MT_C_AN-1
Added Pin To Net: NetName=GND Pin=MT_C_BA-1
Added Pin To Net: NetName=GND Pin=MT_C_BB-1
Added Pin To Net: NetName=GND Pin=MT_C_BC-1
Added Pin To Net: NetName=GND Pin=MT_C_BD-1
Added Pin To Net: NetName=GND Pin=MT_C_BE-1
Added Pin To Net: NetName=GND Pin=MT_C_BF-1
Added Pin To Net: NetName=GND Pin=MT_C_BG-1
Added Pin To Net: NetName=GND Pin=MT_C_BH-1
Added Pin To Net: NetName=GND Pin=MT_C_BI-1
Added Pin To Net: NetName=GND Pin=MT_C_BJ-1
Added Pin To Net: NetName=GND Pin=MT_C_BK-1
Added Pin To Net: NetName=GND Pin=MT_C_BL-1
Added Pin To Net: NetName=GND Pin=MT_C_CA-1
Added Pin To Net: NetName=VOUT_P Pin=MT_C_CA-2
Added Pin To Net: NetName=GND Pin=MT_C_CB-1
Added Pin To Net: NetName=VOUT_P Pin=MT_C_CB-2
Added Pin To Net: NetName=GND Pin=MT_C_CC-1
Added Pin To Net: NetName=VOUT_P Pin=MT_C_CC-2
Added Pin To Net: NetName=GND Pin=MT_C_CD-1
Added Pin To Net: NetName=VOUT_P Pin=MT_C_CD-2
Added Pin To Net: NetName=GND Pin=MT_C_CE-1
Added Pin To Net: NetName=VOUT_P Pin=MT_C_CE-2
Added Pin To Net: NetName=GND Pin=MT_C_CF-1
Added Pin To Net: NetName=VOUT_P Pin=MT_C_CF-2
Added Pin To Net: NetName=GND Pin=MT_C_CG-1
Added Pin To Net: NetName=VOUT_P Pin=MT_C_CG-2
Added Pin To Net: NetName=GND Pin=MT_C_CH-1
Added Pin To Net: NetName=VOUT_P Pin=MT_C_CH-2
Added Pin To Net: NetName=GND Pin=MT_C_CI-1
Added Pin To Net: NetName=VOUT_P Pin=MT_C_CI-2
Added Pin To Net: NetName=GND Pin=MT_C_CJ-1
Added Pin To Net: NetName=VOUT_P Pin=MT_C_CJ-2
Added Pin To Net: NetName=GND Pin=MT_C_CK-1
Added Pin To Net: NetName=VOUT_P Pin=MT_C_CK-2
Added Pin To Net: NetName=GND Pin=MT_C_CL-1
Added Pin To Net: NetName=VOUT_P Pin=MT_C_CL-2
Added Pin To Net: NetName=GND Pin=MT_C_CM-1
Added Pin To Net: NetName=GND Pin=MT_C_CN-1
Added Pin To Net: NetName=GND Pin=MT_C_DA-1
Added Pin To Net: NetName=GND Pin=MT_C_DB-1
Added Pin To Net: NetName=GND Pin=MT_C_DC-1
Added Pin To Net: NetName=GND Pin=MT_C_DD-1
Added Pin To Net: NetName=GND Pin=MT_C_DE-1
Added Pin To Net: NetName=GND Pin=MT_C_DF-1
Added Pin To Net: NetName=GND Pin=MT_C_DG-1
Added Pin To Net: NetName=GND Pin=MT_C_DH-1
Added Pin To Net: NetName=GND Pin=MT_C_DI-1
Added Pin To Net: NetName=GND Pin=MT_C_DJ-1
Added Pin To Net: NetName=GND Pin=MT_C_DK-1
Added Pin To Net: NetName=GND Pin=MT_C_DL-1
Added Pin To Net: NetName=GND Pin=MT_C_EA-1
Added Pin To Net: NetName=GND Pin=MT_C_EB-1
Added Pin To Net: NetName=GND Pin=MT_C_EC-1
Added Pin To Net: NetName=GND Pin=MT_C_ED-1
Added Pin To Net: NetName=GND Pin=MT_C_EE-1
Added Pin To Net: NetName=GND Pin=MT_C_EF-1
Added Pin To Net: NetName=GND Pin=MT_C_EG-1
Added Pin To Net: NetName=GND Pin=MT_C_EH-1
Added Pin To Net: NetName=GND Pin=MT_C_EI-1
Added Pin To Net: NetName=GND Pin=MT_C_EJ-1
Added Pin To Net: NetName=GND Pin=MT_C_EK-1
Added Pin To Net: NetName=GND Pin=MT_C_EL-1
Added Pin To Net: NetName=GND Pin=MT_C_FA-1
Added Pin To Net: NetName=GND Pin=MT_C_FB-1
Added Pin To Net: NetName=GND Pin=MT_C_FC-1
Added Pin To Net: NetName=GND Pin=MT_C_FD-1
Added Pin To Net: NetName=GND Pin=MT_C_FE-1
Added Pin To Net: NetName=GND Pin=MT_C_FF-1
Added Pin To Net: NetName=GND Pin=MT_C_FG-1
Added Pin To Net: NetName=GND Pin=MT_C_FH-1
Added Pin To Net: NetName=GND Pin=MT_C_FI-1
Added Pin To Net: NetName=GND Pin=MT_C_FJ-1
Added Pin To Net: NetName=GND Pin=MT_C_FK-1
Added Pin To Net: NetName=GND Pin=MT_C_FL-1
Added Pin To Net: NetName=GND Pin=MT_D_IN_B-2
Added Pin To Net: NetName=GND Pin=MT_D_IN_D-2
Added Pin To Net: NetName=GND Pin=MT_D_IN_F-2
Added Pin To Net: NetName=GND Pin=MT_D_IN_H-2
Added Pin To Net: NetName=GND Pin=MT_D_IN_J-2
Added Pin To Net: NetName=GND Pin=MT_D_IN_L-2
Added Pin To Net: NetName=GND Pin=MT_D_IN_N-2
Added Pin To Net: NetName=GND Pin=MT_D_IN_P-2
Added Pin To Net: NetName=GND Pin=MT_KB-4
Added Pin To Net: NetName=VOUT_P Pin=MT_Q4-2
Added Pin To Net: NetName=GND Pin=MT_R_CS-2
Added Pin To Net: NetName=GND Pin=MT_R_CSS_N-1
Added Pin To Net: NetName=VOUT_P Pin=MT_R_EXTVCC-1
Added Pin To Net: NetName=MT_VSSA Pin=MT_R_FV-1
Added Pin To Net: NetName=VOUT_P Pin=MT_R_VOUT_A-2
Added Pin To Net: NetName=MT_VSSA Pin=MT_RT_TA-1
Added Pin To Net: NetName=MT_VSSA Pin=MT_RT_TB-1
Added Pin To Net: NetName=MT_VSSA Pin=MT_RT_TD-1
Added Pin To Net: NetName=MT_VSSA Pin=MT_RT_TE-1
Added Pin To Net: NetName=MT_VSSA Pin=MT_RT_TG-1
Added Pin To Net: NetName=MT_VSSA Pin=MT_RT_TJ-1
Added Pin To Net: NetName=MT_VSSA Pin=MT_RT_TK-1
Added Pin To Net: NetName=VOUT_P Pin=R10-2
Added Pin To Net: NetName=GND Pin=R110-1
Added Pin To Net: NetName=GND Pin=R140-1
