Change Component DesignItemId : Designator=TWLV_R_B Old DesignItemId=0402WGF1002TCE New DesignItemId=0402WGF2203TCE
Change Component Comment : Designator=TWLV_R_B Old Comment=0402WGF1002TCE New Comment=0402WGF2203TCE
Change Component Description : Designator=TWLV_R_B Old Description=R - RESISTOR - SMD - 10k - 1% - 0402 New Description=R - RESISTOR - SMD - 220k - 1% - 0402
Change component parameters: Designator = "TWLV_R_B"; Footprint = "R_0402"; UniqueID = "\MGYLBLYB"
Change component parameters. Clean all parameters for all variants
Change component parameters (AddParameter): Name = "JLC Availability"; Value = "Basic"; VariantName = "[No Variations]"
Change component parameters (AddParameter): Name = "LCSC Part #"; Value = "C25767"; VariantName = "[No Variations]"
Change component parameters (AddParameter): Name = "Value"; Value = "220k"; VariantName = "[No Variations]"
Added Component: Designator=MT_R_WAKE_A(R_0402)
Add component. Clean all parameters for all variants
Add component (AddParameter): Name = "JLC Availability"; Value = "Basic"; VariantName = "[No Variations]"
Add component (AddParameter): Name = "LCSC Part #"; Value = "C17168"; VariantName = "[No Variations]"
Add component (AddParameter): Name = "Value"; Value = "0R"; VariantName = "[No Variations]"
Added Component: Designator=MT_R_WAKE_B(R_0402)
Add component. Clean all parameters for all variants
Add component (AddParameter): Name = "JLC Availability"; Value = "Basic"; VariantName = "[No Variations]"
Add component (AddParameter): Name = "LCSC Part #"; Value = "C17168"; VariantName = "[No Variations]"
Add component (AddParameter): Name = "Value"; Value = "0R"; VariantName = "[No Variations]"
Added Pin To Net: NetName=SWEN Pin=MT_R_WAKE_A-1
Added Pin To Net: NetName=WAKEUP_R Pin=MT_R_WAKE_A-2
Added Pin To Net: NetName=MT_SHDN Pin=MT_R_WAKE_B-1
Added Pin To Net: NetName=WAKEUP_R Pin=MT_R_WAKE_B-2
Added Member To Class: ClassName=mppt Member=Component MT_R_WAKE_A 0402WGF0000TCE
Added Member To Class: ClassName=mppt Member=Component MT_R_WAKE_B 0402WGF0000TCE
