Change Component DesignItemId : Designator=MT_R_FBOUT_C Old DesignItemId=0402WGF3302TCE New DesignItemId=0402WGF1003TCE
Change Component Comment : Designator=MT_R_FBOUT_C Old Comment=0402WGF3302TCE New Comment=0402WGF1003TCE
Change Component Description : Designator=MT_R_FBOUT_C Old Description=R - RESISTOR - SMD - 33k - 1% - 0402 New Description=R - RESISTOR - SMD - 100k - 1% -  0402
Change component parameters: Designator = "MT_R_FBOUT_C"; Footprint = "R_0402"; UniqueID = "\VWMLKVUY"
Change component parameters. Clean all parameters for all variants
Change component parameters (AddParameter): Name = "JLC Availability"; Value = "Basic"; VariantName = "[No Variations]"
Change component parameters (AddParameter): Name = "LCSC Part #"; Value = "C25741"; VariantName = "[No Variations]"
Change component parameters (AddParameter): Name = "Value"; Value = "100k"; VariantName = "[No Variations]"
Added Component: Designator=MT_F_A(01550900M)
Add component. Clean all parameters for all variants
Add component (AddParameter): Name = "JLC Availability"; Value = "Extended"; VariantName = "[No Variations]"
Add component (AddParameter): Name = "LCSC Part #"; Value = "C108518"; VariantName = "[No Variations]"
Add component (AddParameter): Name = "Value"; Value = "154"; VariantName = "[No Variations]"
Added Component: Designator=MT_F_B(01550900M)
Add component. Clean all parameters for all variants
Add component (AddParameter): Name = "JLC Availability"; Value = "Extended"; VariantName = "[No Variations]"
Add component (AddParameter): Name = "LCSC Part #"; Value = "C108518"; VariantName = "[No Variations]"
Add component (AddParameter): Name = "Value"; Value = "154"; VariantName = "[No Variations]"
Added Component: Designator=MT_F_C(01550900M)
Add component. Clean all parameters for all variants
Add component (AddParameter): Name = "JLC Availability"; Value = "Extended"; VariantName = "[No Variations]"
Add component (AddParameter): Name = "LCSC Part #"; Value = "C108518"; VariantName = "[No Variations]"
Add component (AddParameter): Name = "Value"; Value = "154"; VariantName = "[No Variations]"
Added Pin To Net: NetName=SOL_1A Pin=MT_F_A-2
Added Pin To Net: NetName=SOL_1A Pin=MT_F_B-2
Added Pin To Net: NetName=SOL_1A Pin=MT_F_C-2
Added Pin To Net: NetName=SOL_1A_F Pin=MT_F_A-1
Added Pin To Net: NetName=SOL_1A_F Pin=MT_F_B-1
Added Pin To Net: NetName=SOL_1A_F Pin=MT_F_C-1
Added Net: Name=SOL_1A_F
Added Member To Class: ClassName=mppt Member=Component MT_F_A 01550900M
Added Member To Class: ClassName=mppt Member=Component MT_F_B 01550900M
Added Member To Class: ClassName=mppt Member=Component MT_F_C 01550900M
