Change Component Designator: OldDesignator=C13 NewDesignator=C130
Change Component Designator: OldDesignator=C47 NewDesignator=C470
Change Component Designator: OldDesignator=R? NewDesignator=R62
Added Component: Designator=C13(C_0402)
Add component. Clean all parameters for all variants
Add component (AddParameter): Name = "JLC Availability"; Value = "Basic"; VariantName = "[No Variations]"
Add component (AddParameter): Name = "LCSC Part #"; Value = "C16772"; VariantName = "[No Variations]"
Add component (AddParameter): Name = "Value"; Value = "220nF"; VariantName = "[No Variations]"
Add component (AddParameter): Name = "WVDC"; Value = "16"; VariantName = "[No Variations]"
Added Component: Designator=C47(C_0402)
Add component. Clean all parameters for all variants
Add component (AddParameter): Name = "JLC Availability"; Value = "Basic"; VariantName = "[No Variations]"
Add component (AddParameter): Name = "LCSC Part #"; Value = "C16772"; VariantName = "[No Variations]"
Add component (AddParameter): Name = "Value"; Value = "220nF"; VariantName = "[No Variations]"
Add component (AddParameter): Name = "WVDC"; Value = "16"; VariantName = "[No Variations]"
Added Pin To Net: NetName=SW2 Pin=C13-1
Added Pin To Net: NetName=BOOST2 Pin=C13-2
Added Pin To Net: NetName=SW1 Pin=C47-1
Added Pin To Net: NetName=BOOST1 Pin=C47-2
Added Member To Class: ClassName=SM3320-BATT-EV Member=Component C130 1206B105K101NT
Added Member To Class: ClassName=SM3320-BATT-EV Member=Component C470 1206B105K101NT
