Removed Pin From Net: NetName=VIN_N Pin=D7-1
Removed Pin From Net: NetName=VIN_N Pin=Q2-2
Removed Pin From Net: NetName=VOUT_P Pin=R10-1
Removed Pin From Net: NetName=VOUT_P Pin=R51-2
Removed Pin From Net: NetName=VOUT_P Pin=RA1_P-1
Added Pin To Net: NetName=VOUT_P Pin=C19-2
Added Pin To Net: NetName=VOUT_P Pin=C54-2
Added Pin To Net: NetName=VOUT_P Pin=D7-2
Added Pin To Net: NetName=VOUT_P Pin=D9-1
Added Pin To Net: NetName=HS_A Pin=L9-1
Added Pin To Net: NetName=HS_A Pin=L10-1
Added Pin To Net: NetName=HS_A Pin=L11-1
Added Pin To Net: NetName=HS_A Pin=L12-1
Added Pin To Net: NetName=HS_A Pin=L13-1
Added Pin To Net: NetName=HS_A Pin=L14-1
Added Pin To Net: NetName=HS_A Pin=L15-1
Added Pin To Net: NetName=HS_A Pin=L16-1
Added Pin To Net: NetName=VOUT_P Pin=Q2-3
Added Pin To Net: NetName=VOUT_P Pin=Q4-2
Added Pin To Net: NetName=VOUT_P Pin=R3-2
Added Pin To Net: NetName=VOUT_P Pin=U7-18
Change Net Name : Old Net Name=VOUT_P New Net Name=HS_B
Added Pin To Net: NetName=VOUT_P Pin=D7-1
Added Pin To Net: NetName=VOUT_P Pin=Q2-2
Added Pin To Net: NetName=VOUT_P Pin=R10-1
Added Pin To Net: NetName=VOUT_P Pin=R51-2
Added Pin To Net: NetName=VOUT_P Pin=RA1_P-1
Added Net: Name=VOUT_P
Added Member To Class: ClassName=SM3320-BATT-EV Member=Component R16 0402WGF0000TCE
