Removed Pin From Net: NetName=GND_IN Pin=D3_a-2
Removed Pin From Net: NetName=GND_IN Pin=D3_b-2
Removed Pin From Net: NetName=GND_IN Pin=D3_c-2
Removed Pin From Net: NetName=GND_IN Pin=D3_d-2
Removed Pin From Net: NetName=GND_IN Pin=D3_e-2
Removed Pin From Net: NetName=GND_IN Pin=D3_f-2
Removed Pin From Net: NetName=GND_IN Pin=D4_a-2
Removed Pin From Net: NetName=GND_IN Pin=D4_b-2
Removed Pin From Net: NetName=GND_IN Pin=D4_c-2
Removed Pin From Net: NetName=GND_IN Pin=D4_d-2
Removed Pin From Net: NetName=GND_IN Pin=D4_e-2
Removed Pin From Net: NetName=GND_IN Pin=D4_f-2
Added Pin To Net: NetName=GND Pin=D3_a-2
Added Pin To Net: NetName=GND Pin=D3_b-2
Added Pin To Net: NetName=GND Pin=D3_c-2
Added Pin To Net: NetName=GND Pin=D3_d-2
Added Pin To Net: NetName=GND Pin=D3_e-2
Added Pin To Net: NetName=GND Pin=D3_f-2
Added Pin To Net: NetName=GND Pin=D4_a-2
Added Pin To Net: NetName=GND Pin=D4_b-2
Added Pin To Net: NetName=GND Pin=D4_c-2
Added Pin To Net: NetName=GND Pin=D4_d-2
Added Pin To Net: NetName=GND Pin=D4_e-2
Added Pin To Net: NetName=GND Pin=D4_f-2
