Removed Pin From Net: NetName=GND Pin=C21-1
Removed Pin From Net: NetName=VIN_P Pin=C21-2
Removed Pin From Net: NetName=GND Pin=C22-1
Removed Pin From Net: NetName=VIN_P Pin=C22-2
Removed Pin From Net: NetName=10VDC Pin=C23_a-1
Removed Pin From Net: NetName=GND Pin=C23_a-2
Removed Pin From Net: NetName=10VDC Pin=C23_b-1
Removed Pin From Net: NetName=GND Pin=C23_b-2
Removed Pin From Net: NetName=10VDC Pin=C23_c-1
Removed Pin From Net: NetName=GND Pin=C23_c-2
Removed Pin From Net: NetName=10VDC Pin=C23_d-1
Removed Pin From Net: NetName=GND Pin=C23_d-2
Removed Pin From Net: NetName=10VDC Pin=C23_e-1
Removed Pin From Net: NetName=GND Pin=C23_e-2
Removed Pin From Net: NetName=10VDC Pin=C23_f-1
Removed Pin From Net: NetName=GND Pin=C23_f-2
Removed Pin From Net: NetName=10VDC Pin=C23_g-1
Removed Pin From Net: NetName=GND Pin=C23_g-2
Removed Pin From Net: NetName=10VDC Pin=C24-2
Removed Pin From Net: NetName=GND Pin=C26-1
Removed Pin From Net: NetName=VIN_P Pin=C26-2
Removed Pin From Net: NetName=GND Pin=C64-1
Removed Pin From Net: NetName=VIN_P Pin=C64-2
Removed Pin From Net: NetName=GND Pin=C150-2
Removed Pin From Net: NetName=GND Pin=D20-2
Removed Pin From Net: NetName=10VDC Pin=L0-2
Removed Pin From Net: NetName=GND Pin=R5_a-1
Removed Pin From Net: NetName=10VDC Pin=R90-1
Removed Pin From Net: NetName=GND Pin=R150-1
Removed Pin From Net: NetName=VIN_P Pin=Ron_c-1
Removed Pin From Net: NetName=VIN_P Pin=Ron_d-1
Removed Pin From Net: NetName=GND Pin=U1-4
Removed Pin From Net: NetName=VIN_P Pin=U1-8
Removed Member From Class: ClassName=SM3320-BATT-EV Member=C17
Removed Member From Class: ClassName=SM3320-BATT-EV Member=C21
Removed Member From Class: ClassName=SM3320-BATT-EV Member=C22
Removed Member From Class: ClassName=SM3320-BATT-EV Member=C23_a
Removed Member From Class: ClassName=SM3320-BATT-EV Member=C23_b
Removed Member From Class: ClassName=SM3320-BATT-EV Member=C23_c
Removed Member From Class: ClassName=SM3320-BATT-EV Member=C23_d
Removed Member From Class: ClassName=SM3320-BATT-EV Member=C23_e
Removed Member From Class: ClassName=SM3320-BATT-EV Member=C23_f
Removed Member From Class: ClassName=SM3320-BATT-EV Member=C23_g
Removed Member From Class: ClassName=SM3320-BATT-EV Member=C24
Removed Member From Class: ClassName=SM3320-BATT-EV Member=C26
Removed Member From Class: ClassName=SM3320-BATT-EV Member=C64
Removed Member From Class: ClassName=SM3320-BATT-EV Member=C150
Removed Member From Class: ClassName=SM3320-BATT-EV Member=D20
Removed Member From Class: ClassName=SM3320-BATT-EV Member=L0
Removed Member From Class: ClassName=SM3320-BATT-EV Member=R5_a
Removed Member From Class: ClassName=SM3320-BATT-EV Member=R5
Removed Member From Class: ClassName=SM3320-BATT-EV Member=R90
Removed Member From Class: ClassName=SM3320-BATT-EV Member=R150
Removed Member From Class: ClassName=SM3320-BATT-EV Member=Ron_a
Removed Member From Class: ClassName=SM3320-BATT-EV Member=Ron_b
Removed Member From Class: ClassName=SM3320-BATT-EV Member=Ron_c
Removed Member From Class: ClassName=SM3320-BATT-EV Member=Ron_d
Removed Member From Class: ClassName=SM3320-BATT-EV Member=U1
