Change Component Designator: OldDesignator=C15 NewDesignator=C150
Change Component Designator: OldDesignator=R9 NewDesignator=R90
Added Component: Designator=C14(C_0402)
Add component. Clean all parameters for all variants
Add component (AddParameter): Name = "JLC Availability"; Value = "Basic"; VariantName = "[No Variations]"
Add component (AddParameter): Name = "LCSC Part #"; Value = "C1523"; VariantName = "[No Variations]"
Add component (AddParameter): Name = "Value"; Value = "1nF"; VariantName = "[No Variations]"
Add component (AddParameter): Name = "WVDC"; Value = "50"; VariantName = "[No Variations]"
Added Component: Designator=C15(C_0402)
Add component. Clean all parameters for all variants
Add component (AddParameter): Name = "JLC Availability"; Value = "Basic"; VariantName = "[No Variations]"
Add component (AddParameter): Name = "LCSC Part #"; Value = "C1523"; VariantName = "[No Variations]"
Add component (AddParameter): Name = "Value"; Value = "1nF"; VariantName = "[No Variations]"
Add component (AddParameter): Name = "WVDC"; Value = "50"; VariantName = "[No Variations]"
Added Component: Designator=R8(R_0402)
Add component. Clean all parameters for all variants
Add component (AddParameter): Name = "JLC Availability"; Value = "Basic"; VariantName = "[No Variations]"
Add component (AddParameter): Name = "LCSC Part #"; Value = "C25077"; VariantName = "[No Variations]"
Add component (AddParameter): Name = "Value"; Value = "10R"; VariantName = "[No Variations]"
Added Component: Designator=R9(R_0402)
Add component. Clean all parameters for all variants
Add component (AddParameter): Name = "JLC Availability"; Value = "Basic"; VariantName = "[No Variations]"
Add component (AddParameter): Name = "LCSC Part #"; Value = "C25077"; VariantName = "[No Variations]"
Add component (AddParameter): Name = "Value"; Value = "10R"; VariantName = "[No Variations]"
Added Pin To Net: NetName=GND Pin=C14-2
Added Pin To Net: NetName=GND Pin=C15-2
Added Pin To Net: NetName=PGND Pin=R8-2
Added Pin To Net: NetName=GND Pin=R9-2
Change Net Name : Old Net Name=NetC15_1 New Net Name=NetC150_1
Added Pin To Net: NetName=CSN Pin=C14-1
Added Pin To Net: NetName=CSN Pin=R9-1
Added Pin To Net: NetName=CSN Pin=U-2
Added Net: Name=CSN
Added Pin To Net: NetName=CSP Pin=C15-1
Added Pin To Net: NetName=CSP Pin=R8-1
Added Pin To Net: NetName=CSP Pin=U-3
Added Net: Name=CSP
Added Member To Class: ClassName=SM3320-BATT-EV Member=Component C14 0402B102K500NT
Added Member To Class: ClassName=SM3320-BATT-EV Member=Component C150 CL05A105KA5NQNC
Added Member To Class: ClassName=SM3320-BATT-EV Member=Component R8 0402WGF100JTCE
Added Member To Class: ClassName=SM3320-BATT-EV Member=Component R90 0402WGF1002TCE
