Added Component: Designator=C62(C_0402)
Add component. Clean all parameters for all variants
Add component (AddParameter): Name = "JLC Availability"; Value = "Extended"; VariantName = "[No Variations]"
Add component (AddParameter): Name = "LCSC Part #"; Value = "C1546"; VariantName = "[No Variations]"
Added Component: Designator=C63(C_0402)
Add component. Clean all parameters for all variants
Add component (AddParameter): Name = "JLC Availability"; Value = "Basic"; VariantName = "[No Variations]"
Add component (AddParameter): Name = "LCSC Part #"; Value = "C26404"; VariantName = "[No Variations]"
Add component (AddParameter): Name = "Value"; Value = "3.3nF"; VariantName = "[No Variations]"
Add component (AddParameter): Name = "WVDC"; Value = "50"; VariantName = "[No Variations]"
Added Component: Designator=R50(R_0402)
Add component. Clean all parameters for all variants
Add component (AddParameter): Name = "JLC Availability"; Value = "Basic"; VariantName = "[No Variations]"
Add component (AddParameter): Name = "LCSC Part #"; Value = "C25796"; VariantName = "[No Variations]"
Add component (AddParameter): Name = "Value"; Value = "56k"; VariantName = "[No Variations]"
Added Pin To Net: NetName=GND Pin=C62-1
Added Pin To Net: NetName=VC Pin=C62-2
Added Pin To Net: NetName=GND Pin=C63-1
Added Pin To Net: NetName=VC Pin=R50-2
Added Pin To Net: NetName=NetC63_2 Pin=C63-2
Added Pin To Net: NetName=NetC63_2 Pin=R50-1
Added Net: Name=NetC63_2
Added Member To Class: ClassName=SM3320-BATT-EV Member=Component C62 0402CG101J500NT
Added Member To Class: ClassName=SM3320-BATT-EV Member=Component C63 CL05B332KB5NNNC
Added Member To Class: ClassName=SM3320-BATT-EV Member=Component R50 0402WGF5602TCE
