Removed Pin From Net: NetName=VOUT_P Pin=C1-2
Removed Pin From Net: NetName=VOUT_P Pin=C16-2
Removed Pin From Net: NetName=VOUT_P Pin=C20-2
Removed Pin From Net: NetName=VOUT_P Pin=C25-2
Removed Pin From Net: NetName=VOUT_P Pin=C27-2
Removed Pin From Net: NetName=VOUT_P Pin=C28-2
Removed Pin From Net: NetName=GND Pin=C29-1
Removed Pin From Net: NetName=VOUT_P Pin=C30-2
Removed Pin From Net: NetName=GND Pin=C33-2
Removed Pin From Net: NetName=GND Pin=C34-1
Removed Pin From Net: NetName=+5VDC Pin=C34-2
Removed Pin From Net: NetName=VOUT_P Pin=C36-2
Removed Pin From Net: NetName=+5VDC Pin=C37-1
Removed Pin From Net: NetName=GND Pin=C37-2
Removed Pin From Net: NetName=GND Pin=C39-1
Removed Pin From Net: NetName=VOUT_P Pin=C41-2
Removed Pin From Net: NetName=VOUT_P Pin=C44-2
Removed Pin From Net: NetName=VOUT_P Pin=C45-2
Removed Pin From Net: NetName=VOUT_P Pin=C47-2
Removed Pin From Net: NetName=GND Pin=C49-1
Removed Pin From Net: NetName=GND Pin=C50-1
Removed Pin From Net: NetName=GND Pin=C51-1
Removed Pin From Net: NetName=GND Pin=C52-2
Removed Pin From Net: NetName=GND Pin=C59-1
Removed Pin From Net: NetName=GND Pin=C66-1
Removed Pin From Net: NetName=GND Pin=C69-1
Removed Pin From Net: NetName=VIN_N Pin=R13-2
Removed Pin From Net: NetName=GND Pin=R20-2
Removed Pin From Net: NetName=+5VDC Pin=R21-2
Removed Pin From Net: NetName=GND Pin=R25-1
Removed Pin From Net: NetName=+5VDC Pin=R26-2
Removed Pin From Net: NetName=+5VDC Pin=R28-2
Removed Pin From Net: NetName=+5VDC Pin=R29-2
Removed Pin From Net: NetName=+5VDC Pin=R30-1
Removed Pin From Net: NetName=+5VDC Pin=R31-2
Removed Pin From Net: NetName=GND Pin=R35-1
Removed Pin From Net: NetName=+5VDC Pin=R36-1
Removed Pin From Net: NetName=GND Pin=R38-1
Removed Pin From Net: NetName=GND Pin=R39-1
Removed Pin From Net: NetName=GND Pin=R40-1
Removed Pin From Net: NetName=GND Pin=R41-1
Removed Pin From Net: NetName=GND Pin=R42-1
Removed Pin From Net: NetName=GND Pin=R43-1
Removed Pin From Net: NetName=+5VDC Pin=R45-1
Removed Pin From Net: NetName=5V_SDA Pin=R47-1
Removed Pin From Net: NetName=+5VDC Pin=R47-2
Removed Pin From Net: NetName=5V_SCL Pin=R48-1
Removed Pin From Net: NetName=+5VDC Pin=R48-2
Removed Pin From Net: NetName=VOUT_P Pin=R51-2
Removed Pin From Net: NetName=GND Pin=R53-2
Removed Pin From Net: NetName=+5VDC Pin=R87_a-2
Removed Pin From Net: NetName=+5VDC Pin=U8-3
Removed Pin From Net: NetName=GND Pin=U8-4
Removed Pin From Net: NetName=5V_SCL Pin=U8-8
Removed Pin From Net: NetName=5V_SDA Pin=U8-9
Removed Pin From Net: NetName=AGND Pin=U8-13
Removed Pin From Net: NetName=AIIN Pin=U8-19
Removed Pin From Net: NetName=AIOUT Pin=U8-21
Removed Pin From Net: NetName=LIB Pin=U8-24
Removed Pin From Net: NetName=HIB Pin=U8-25
Removed Pin From Net: NetName=HIA Pin=U8-26
Removed Pin From Net: NetName=LIA Pin=U8-27
Removed Member From Class: ClassName=SM3320-BATT-EV Member=C29
Removed Member From Class: ClassName=SM3320-BATT-EV Member=C33
Removed Member From Class: ClassName=SM3320-BATT-EV Member=C34
Removed Member From Class: ClassName=SM3320-BATT-EV Member=C37
Removed Member From Class: ClassName=SM3320-BATT-EV Member=C39
Removed Member From Class: ClassName=SM3320-BATT-EV Member=C49
Removed Member From Class: ClassName=SM3320-BATT-EV Member=C50
Removed Member From Class: ClassName=SM3320-BATT-EV Member=C51
Removed Member From Class: ClassName=SM3320-BATT-EV Member=C52
Removed Member From Class: ClassName=SM3320-BATT-EV Member=C59
Removed Member From Class: ClassName=SM3320-BATT-EV Member=C66
Removed Member From Class: ClassName=SM3320-BATT-EV Member=C69
Removed Member From Class: ClassName=SM3320-BATT-EV Member=R13
Removed Member From Class: ClassName=SM3320-BATT-EV Member=R20
Removed Member From Class: ClassName=SM3320-BATT-EV Member=R21
Removed Member From Class: ClassName=SM3320-BATT-EV Member=R25
Removed Member From Class: ClassName=SM3320-BATT-EV Member=R26
Removed Member From Class: ClassName=SM3320-BATT-EV Member=R28
Removed Member From Class: ClassName=SM3320-BATT-EV Member=R29
Removed Member From Class: ClassName=SM3320-BATT-EV Member=R30
Removed Member From Class: ClassName=SM3320-BATT-EV Member=R31
Removed Member From Class: ClassName=SM3320-BATT-EV Member=R35
Removed Member From Class: ClassName=SM3320-BATT-EV Member=R36
Removed Member From Class: ClassName=SM3320-BATT-EV Member=R38
Removed Member From Class: ClassName=SM3320-BATT-EV Member=R39
Removed Member From Class: ClassName=SM3320-BATT-EV Member=R40
Removed Member From Class: ClassName=SM3320-BATT-EV Member=R41
Removed Member From Class: ClassName=SM3320-BATT-EV Member=R42
Removed Member From Class: ClassName=SM3320-BATT-EV Member=R43
Removed Member From Class: ClassName=SM3320-BATT-EV Member=R45
Removed Member From Class: ClassName=SM3320-BATT-EV Member=R47
Removed Member From Class: ClassName=SM3320-BATT-EV Member=R48
Removed Member From Class: ClassName=SM3320-BATT-EV Member=R51
Removed Member From Class: ClassName=SM3320-BATT-EV Member=R53
Removed Member From Class: ClassName=SM3320-BATT-EV Member=R87_a
Removed Member From Class: ClassName=SM3320-BATT-EV Member=U8
Added Pin To Net: NetName=VIN_N Pin=C1-2
Added Pin To Net: NetName=VIN_N Pin=C16-2
Added Pin To Net: NetName=VIN_N Pin=C20-2
Added Pin To Net: NetName=VIN_N Pin=C25-2
Added Pin To Net: NetName=VIN_N Pin=C27-2
Added Pin To Net: NetName=VIN_N Pin=C28-2
Added Pin To Net: NetName=VIN_N Pin=C30-2
Added Pin To Net: NetName=VIN_N Pin=C36-2
Added Pin To Net: NetName=VIN_N Pin=C41-2
Added Pin To Net: NetName=VIN_N Pin=C44-2
Added Pin To Net: NetName=VIN_N Pin=C45-2
Added Pin To Net: NetName=VIN_N Pin=C47-2
