Added Component: Designator=C54(C_CAN_1010)
Add component. Clean all parameters for all variants
Add component (AddParameter): Name = "ESR"; Value = "40mOhm"; VariantName = "[No Variations]"
Add component (AddParameter): Name = "JLC Availability"; Value = "Extended"; VariantName = "[No Variations]"
Add component (AddParameter): Name = "LCSC Part #"; Value = "C164068"; VariantName = "[No Variations]"
Add component (AddParameter): Name = "Value"; Value = "47uF"; VariantName = "[No Variations]"
Add component (AddParameter): Name = "WVDC"; Value = "100"; VariantName = "[No Variations]"
Added Component: Designator=C55(C_CAN_1010)
Add component. Clean all parameters for all variants
Add component (AddParameter): Name = "ESR"; Value = "40mOhm"; VariantName = "[No Variations]"
Add component (AddParameter): Name = "JLC Availability"; Value = "Extended"; VariantName = "[No Variations]"
Add component (AddParameter): Name = "LCSC Part #"; Value = "C164068"; VariantName = "[No Variations]"
Add component (AddParameter): Name = "Value"; Value = "47uF"; VariantName = "[No Variations]"
Add component (AddParameter): Name = "WVDC"; Value = "100"; VariantName = "[No Variations]"
Added Pin To Net: NetName=GND Pin=C54-1
Added Pin To Net: NetName=VOUT_N Pin=C54-2
Added Pin To Net: NetName=GND Pin=C55-1
Added Pin To Net: NetName=VOUT_N Pin=C55-2
Added Member To Class: ClassName=SM3320-BATT-EV Member=Component C54 VZH470M2ATR-1010
Added Member To Class: ClassName=SM3320-BATT-EV Member=Component C55 VZH470M2ATR-1010
