Added Component: Designator=MT_D_KA(SOD-323)
Add component. Clean all parameters for all variants
Add component (AddParameter): Name = "If"; Value = "150mA"; VariantName = "[No Variations]"
Add component (AddParameter): Name = "JLC Availability"; Value = "Basic"; VariantName = "[No Variations]"
Add component (AddParameter): Name = "LCSC Part #"; Value = "C2128"; VariantName = "[No Variations]"
Add component (AddParameter): Name = "PIV"; Value = "100V"; VariantName = "[No Variations]"
Add component (AddParameter): Name = "Trr"; Value = "4ns"; VariantName = "[No Variations]"
Added Component: Designator=MT_D_KB(SOD-323)
Add component. Clean all parameters for all variants
Add component (AddParameter): Name = "If"; Value = "150mA"; VariantName = "[No Variations]"
Add component (AddParameter): Name = "JLC Availability"; Value = "Basic"; VariantName = "[No Variations]"
Add component (AddParameter): Name = "LCSC Part #"; Value = "C2128"; VariantName = "[No Variations]"
Add component (AddParameter): Name = "PIV"; Value = "100V"; VariantName = "[No Variations]"
Add component (AddParameter): Name = "Trr"; Value = "4ns"; VariantName = "[No Variations]"
Added Component: Designator=MT_KA(RELAY_G2RL-2_12DC)
Add component. Clean all parameters for all variants
Add component (AddParameter): Name = "Availability"; Value = "Extended"; VariantName = "[No Variations]"
Add component (AddParameter): Name = "Coil"; Value = "12V"; VariantName = "[No Variations]"
Add component (AddParameter): Name = "Current"; Value = "8A"; VariantName = "[No Variations]"
Add component (AddParameter): Name = "LCSC Part #"; Value = "C61458"; VariantName = "[No Variations]"
Add component (AddParameter): Name = "MF"; Value = "Omron"; VariantName = "[No Variations]"
Add component (AddParameter): Name = "MP"; Value = "G2RL-2-DC12"; VariantName = "[No Variations]"
Add component (AddParameter): Name = "Type"; Value = "DPDT"; VariantName = "[No Variations]"
Add component (AddParameter): Name = "Value"; Value = ""; VariantName = "[No Variations]"
Added Component: Designator=MT_KB(RELAY_G2RL-2_12DC)
Add component. Clean all parameters for all variants
Add component (AddParameter): Name = "Availability"; Value = "Extended"; VariantName = "[No Variations]"
Add component (AddParameter): Name = "Coil"; Value = "12V"; VariantName = "[No Variations]"
Add component (AddParameter): Name = "Current"; Value = "8A"; VariantName = "[No Variations]"
Add component (AddParameter): Name = "LCSC Part #"; Value = "C61458"; VariantName = "[No Variations]"
Add component (AddParameter): Name = "MF"; Value = "Omron"; VariantName = "[No Variations]"
Add component (AddParameter): Name = "MP"; Value = "G2RL-2-DC12"; VariantName = "[No Variations]"
Add component (AddParameter): Name = "Type"; Value = "DPDT"; VariantName = "[No Variations]"
Add component (AddParameter): Name = "Value"; Value = ""; VariantName = "[No Variations]"
Added Pin To Net: NetName=+10V Pin=MT_D_KA-1
Added Pin To Net: NetName=+10V Pin=MT_KA-1
Added Pin To Net: NetName=SOL_1A Pin=MT_KA-3
Added Pin To Net: NetName=SOL_1B Pin=MT_KA-6
Added Pin To Net: NetName=VIN_P Pin=MT_KB-4
Added Pin To Net: NetName=GND Pin=MT_KB-5
Added Pin To Net: NetName=+12V Pin=MT_D_KB-1
Added Pin To Net: NetName=+12V Pin=MT_KB-1
Added Net: Name=+12V
Added Pin To Net: NetName=MT_KA Pin=MT_D_KA-2
Added Pin To Net: NetName=MT_KA Pin=MT_KA-8
Added Net: Name=MT_KA
Added Pin To Net: NetName=MT_KB Pin=MT_D_KB-2
Added Pin To Net: NetName=MT_KB Pin=MT_KB-8
Added Net: Name=MT_KB
Added Pin To Net: NetName=SOL_V_N Pin=MT_KA-4
Added Pin To Net: NetName=SOL_V_N Pin=MT_KA-7
Added Pin To Net: NetName=SOL_V_N Pin=MT_KB-6
Added Net: Name=SOL_V_N
Added Pin To Net: NetName=SOL_V_P Pin=MT_KA-2
Added Pin To Net: NetName=SOL_V_P Pin=MT_KA-5
Added Pin To Net: NetName=SOL_V_P Pin=MT_KB-3
Added Net: Name=SOL_V_P
Added Member To Class: ClassName=mppt Member=Component MT_D_KA 1N4148WS
Added Member To Class: ClassName=mppt Member=Component MT_D_KB 1N4148WS
Added Member To Class: ClassName=mppt Member=Component MT_KA G2RL-2-DC12
Added Member To Class: ClassName=mppt Member=Component MT_KB G2RL-2-DC12
