Removed Pin From Net: NetName=NetD6_2 Pin=Rbg2b-1
Removed Pin From Net: NetName=BG2 Pin=Rbg2b-2
Removed Pin From Net: NetName=NetD4_2 Pin=Rtg2b-1
Removed Pin From Net: NetName=TG2 Pin=Rtg2b-2
Removed Member From Class: ClassName=mppt Member=Rbg2b
Removed Member From Class: ClassName=mppt Member=Rtg2b
Change Component DesignItemId : Designator=Rbg2a Old DesignItemId=0402WGF100JTCE New DesignItemId=0603WAF100KT5E
Change Component DesignItemId : Designator=Rtg2a Old DesignItemId=0402WGF100JTCE New DesignItemId=0603WAF100KT5E
Change Component Footprint: Designator=Rbg2a Old Footprint=R_0402 New Footprint=R_0603
Change Component Footprint: Designator=Rtg2a Old Footprint=R_0402 New Footprint=R_0603
Change Component Comment : Designator=Rbg2a Old Comment=0402WGF100JTCE New Comment=0603WAF100KT5E
Change Component Comment : Designator=Rtg2a Old Comment=0402WGF100JTCE New Comment=0603WAF100KT5E
Change Component Description : Designator=Rbg2a Old Description=R - RESISTOR - SMD - 10R - 1% - 0402 New Description=R - RESISTOR - SMD - 1R - 1% -  0603
Change Component Description : Designator=Rtg2a Old Description=R - RESISTOR - SMD - 10R - 1% - 0402 New Description=R - RESISTOR - SMD - 1R - 1% -  0603
Change component parameters: Designator = "Rbg2a"; Footprint = "R_0603"; UniqueID = "\GVFRPOLH"
Change component parameters. Clean all parameters for all variants
Change component parameters (AddParameter): Name = "JLC Availability"; Value = "Basic"; VariantName = "[No Variations]"
Change component parameters (AddParameter): Name = "LCSC Part #"; Value = "C22936"; VariantName = "[No Variations]"
Change component parameters (AddParameter): Name = "Value"; Value = "1R"; VariantName = "[No Variations]"
Change component parameters: Designator = "Rtg2a"; Footprint = "R_0603"; UniqueID = "\QADSMLLD"
Change component parameters. Clean all parameters for all variants
Change component parameters (AddParameter): Name = "JLC Availability"; Value = "Basic"; VariantName = "[No Variations]"
Change component parameters (AddParameter): Name = "LCSC Part #"; Value = "C22936"; VariantName = "[No Variations]"
Change component parameters (AddParameter): Name = "Value"; Value = "1R"; VariantName = "[No Variations]"
