Change Component Designator: OldDesignator=FIVE_C_AA NewDesignator=TWLV_C_AA
Change Component Designator: OldDesignator=FIVE_C_AB NewDesignator=TWLV_C_AB
Change Component Designator: OldDesignator=FIVE_C_AC NewDesignator=TWLV_C_AC
Change Component Designator: OldDesignator=FIVE_C_AD NewDesignator=TWLV_C_AD
Change Component Designator: OldDesignator=FIVE_C_AE NewDesignator=TWLV_C_AE
Change Component Designator: OldDesignator=FIVE_C_AF NewDesignator=TWLV_C_AF
Change Component Designator: OldDesignator=FIVE_C_AG NewDesignator=TWLV_C_AG
Change Component Designator: OldDesignator=FIVE_C_AH NewDesignator=TWLV_C_AH
Change Component Designator: OldDesignator=FIVE_C_AI NewDesignator=TWLV_C_AI
Change Component Designator: OldDesignator=FIVE_C_AJ NewDesignator=TWLV_C_AJ
Change Component Designator: OldDesignator=FIVE_C_AK NewDesignator=TWLV_C_AK
Change Component Designator: OldDesignator=FIVE_C_AL NewDesignator=TWLV_C_AL
Change Component Designator: OldDesignator=FIVE_C_AM NewDesignator=TWLV_C_AM
Change Component Designator: OldDesignator=FIVE_C_AN NewDesignator=TWLV_C_AN
Change Component Designator: OldDesignator=FIVE_C_AO NewDesignator=TWLV_C_AO
Change Component Designator: OldDesignator=FIVE_C_AP NewDesignator=TWLV_C_AP
Change Component Designator: OldDesignator=FIVE_C_AQ NewDesignator=TWLV_C_AQ
Change Component Designator: OldDesignator=FIVE_C_AR NewDesignator=TWLV_C_AR
Change Component Designator: OldDesignator=FIVE_C_AS NewDesignator=TWLV_C_AS
Change Component Designator: OldDesignator=FIVE_C_AT NewDesignator=TWLV_C_AT
Change Component Designator: OldDesignator=FIVE_C_AU NewDesignator=TWLV_C_AU
Change Component Designator: OldDesignator=FIVE_C_AV NewDesignator=TWLV_C_AV
Change Component Designator: OldDesignator=FIVE_C_AW NewDesignator=TWLV_C_AW
Change Component Designator: OldDesignator=FIVE_C_AX NewDesignator=TWLV_C_AX
Change Component Designator: OldDesignator=FIVE_C_AY NewDesignator=TWLV_C_AY
Change Component Designator: OldDesignator=FIVE_C_AZ NewDesignator=TWLV_C_AZ
Change Component Designator: OldDesignator=FIVE_C_BA NewDesignator=TWLV_C_BA
Change Component Designator: OldDesignator=FIVE_C_BB NewDesignator=TWLV_C_BB
Change Component Designator: OldDesignator=FIVE_C_BC NewDesignator=TWLV_C_BC
Change Component Designator: OldDesignator=FIVE_C_BD NewDesignator=TWLV_C_BD
Change Component Designator: OldDesignator=FIVE_C_BE NewDesignator=TWLV_C_BE
Change Component Designator: OldDesignator=FIVE_C_BF NewDesignator=TWLV_C_BF
Change Component Designator: OldDesignator=FIVE_C_BG NewDesignator=TWLV_C_BG
Change Component Designator: OldDesignator=FIVE_C_BH NewDesignator=TWLV_C_BH
Change Component Designator: OldDesignator=FIVE_C_BI NewDesignator=TWLV_C_BI
Change Component Designator: OldDesignator=FIVE_C_BJ NewDesignator=TWLV_C_BJ
Change Component Designator: OldDesignator=FIVE_C_DA NewDesignator=TWLV_C_DA
Change Component Designator: OldDesignator=FIVE_C_DB NewDesignator=TWLV_C_DB
Change Component Designator: OldDesignator=FIVE_C_DC NewDesignator=TWLV_C_DC
Change Component Designator: OldDesignator=FIVE_C_DD NewDesignator=TWLV_C_DD
Change Component Designator: OldDesignator=FIVE_C_DE NewDesignator=TWLV_C_DE
Change Component Designator: OldDesignator=FIVE_D_A NewDesignator=TWLV_D_A
Change Component Designator: OldDesignator=FIVE_L_A NewDesignator=TWLV_L_A
Change Component Designator: OldDesignator=FIVE_Q_A NewDesignator=TWLV_Q_A
Change Component Designator: OldDesignator=FIVE_R_A NewDesignator=TWLV_R_A
Change Component Designator: OldDesignator=FIVE_R_B NewDesignator=TWLV_R_B
Change Component Designator: OldDesignator=FIVE_R_C NewDesignator=TWLV_R_C
Change Component Designator: OldDesignator=FIVE_R_D NewDesignator=TWLV_R_D
Change Component Designator: OldDesignator=FIVE_R_E NewDesignator=TWLV_R_E
Change Component Designator: OldDesignator=FIVE_R_F NewDesignator=TWLV_R_F
Change Component Designator: OldDesignator=U_FIVE_A NewDesignator=U_TWLV_A
Change Net Name : Old Net Name=FIVE_FB New Net Name=TWLV_FB
Change Net Name : Old Net Name=NetFIVE_D_A_1 New Net Name=NetTWLV_D_A_1
Change Net Name : Old Net Name=NetFIVE_L_A_2 New Net Name=NetTWLV_L_A_2
