Change Component DesignItemId : Designator=Rmode Old DesignItemId=0402WGF1003TCE New DesignItemId=0402WGF5102TCE
Change Component Comment : Designator=Rmode Old Comment=0402WGF1003TCE New Comment=0402WGF5102TCE
Change Component Description : Designator=Rmode Old Description=R - RESISTOR - SMD - 100k - 1% -  0402 New Description=R - RESISTOR - SMD - 51k - 1% - 0402
Change component parameters: Designator = "Rmode"; Footprint = "R_0402"; UniqueID = "\KWMPFJUW"
Change component parameters. Clean all parameters for all variants
Change component parameters (AddParameter): Name = "JLC Availability"; Value = "Basic"; VariantName = "[No Variations]"
Change component parameters (AddParameter): Name = "LCSC Part #"; Value = "C25794"; VariantName = "[No Variations]"
Change component parameters (AddParameter): Name = "Value"; Value = "51k"; VariantName = "[No Variations]"
Added Component: Designator=C?(C_0402)
Add component. Clean all parameters for all variants
Add component (AddParameter): Name = "JLC Availability"; Value = "Basic"; VariantName = "[No Variations]"
Add component (AddParameter): Name = "LCSC Part #"; Value = "C52923"; VariantName = "[No Variations]"
Add component (AddParameter): Name = "Value"; Value = "1uF"; VariantName = "[No Variations]"
Add component (AddParameter): Name = "WVDC"; Value = "16"; VariantName = "[No Variations]"
Added Component: Designator=C?(C_0402)
Add component. Clean all parameters for all variants
Add component (AddParameter): Name = "JLC Availability"; Value = "Basic"; VariantName = "[No Variations]"
Add component (AddParameter): Name = "LCSC Part #"; Value = "C52923"; VariantName = "[No Variations]"
Add component (AddParameter): Name = "Value"; Value = "1uF"; VariantName = "[No Variations]"
Add component (AddParameter): Name = "WVDC"; Value = "16"; VariantName = "[No Variations]"
Added Component: Designator=C?(C_0402)
Add component. Clean all parameters for all variants
Add component (AddParameter): Name = "JLC Availability"; Value = "Basic"; VariantName = "[No Variations]"
Add component (AddParameter): Name = "LCSC Part #"; Value = "C1525"; VariantName = "[No Variations]"
Add component (AddParameter): Name = "Value"; Value = "100nF"; VariantName = "[No Variations]"
Add component (AddParameter): Name = "WVDC"; Value = "16"; VariantName = "[No Variations]"
Added Component: Designator=C?(C_0402)
Add component. Clean all parameters for all variants
Add component (AddParameter): Name = "JLC Availability"; Value = "Basic"; VariantName = "[No Variations]"
Add component (AddParameter): Name = "LCSC Part #"; Value = "C1523"; VariantName = "[No Variations]"
Add component (AddParameter): Name = "Value"; Value = "1nF"; VariantName = "[No Variations]"
Add component (AddParameter): Name = "WVDC"; Value = "50"; VariantName = "[No Variations]"
Added Component: Designator=C?(C_0402)
Add component. Clean all parameters for all variants
Add component (AddParameter): Name = "JLC Availability"; Value = "Basic"; VariantName = "[No Variations]"
Add component (AddParameter): Name = "LCSC Part #"; Value = "C1523"; VariantName = "[No Variations]"
Add component (AddParameter): Name = "Value"; Value = "1nF"; VariantName = "[No Variations]"
Add component (AddParameter): Name = "WVDC"; Value = "50"; VariantName = "[No Variations]"
Added Component: Designator=R?(R_0402)
Add component. Clean all parameters for all variants
Add component (AddParameter): Name = "JLC Availability"; Value = "Basic"; VariantName = "[No Variations]"
Add component (AddParameter): Name = "LCSC Part #"; Value = "C25792"; VariantName = "[No Variations]"
Add component (AddParameter): Name = "Value"; Value = "47k"; VariantName = "[No Variations]"
Added Component: Designator=R?(R_0402)
Add component. Clean all parameters for all variants
Add component (AddParameter): Name = "JLC Availability"; Value = "Basic"; VariantName = "[No Variations]"
Add component (AddParameter): Name = "LCSC Part #"; Value = "C25792"; VariantName = "[No Variations]"
Add component (AddParameter): Name = "Value"; Value = "47k"; VariantName = "[No Variations]"
Added Component: Designator=R?(R_0402)
Add component. Clean all parameters for all variants
Add component (AddParameter): Name = "JLC Availability"; Value = "Basic"; VariantName = "[No Variations]"
Add component (AddParameter): Name = "LCSC Part #"; Value = "C25744"; VariantName = "[No Variations]"
Add component (AddParameter): Name = "Value"; Value = "10k"; VariantName = "[No Variations]"
Added Pin To Net: NetName=GND Pin=C?-1
Added Pin To Net: NetName=GND Pin=C?-2
Added Pin To Net: NetName=GND Pin=C?-2
Added Pin To Net: NetName=GND Pin=R?-2
Added Pin To Net: NetName=+5VDC Pin=C?-2
Added Net: Name=+5VDC
Added Pin To Net: NetName=10VDC Pin=C?-1
Added Pin To Net: NetName=10VDC Pin=C?-1
Added Net: Name=10VDC
Added Pin To Net: NetName=AGND Pin=C?-1
Added Pin To Net: NetName=AGND Pin=C?-1
Added Pin To Net: NetName=AGND Pin=R?-1
Added Pin To Net: NetName=AGND Pin=R?-1
Added Net: Name=AGND
Added Net: Name=BIN
Added Net: Name=BOUT
Added Net: Name=HIA
Added Net: Name=HIB
Added Pin To Net: NetName=IIN Pin=C?-2
Added Pin To Net: NetName=IIN Pin=R?-2
Added Net: Name=IIN
Added Pin To Net: NetName=IOUT Pin=C?-2
Added Pin To Net: NetName=IOUT Pin=R?-2
Added Net: Name=IOUT
Added Net: Name=LIA
Added Net: Name=LIB
Added Pin To Net: NetName=OVS Pin=R?-1
Added Net: Name=OVS
Added Net: Name=RST
Added Member To Class: ClassName=SM3320-BATT-EV Member=Component C? CL05A105KA5NQNC
Added Member To Class: ClassName=SM3320-BATT-EV Member=Component C? CL05A105KA5NQNC
Added Member To Class: ClassName=SM3320-BATT-EV Member=Component C? CL05B104KO5NNNC
Added Member To Class: ClassName=SM3320-BATT-EV Member=Component C? 0402B102K500NT
Added Member To Class: ClassName=SM3320-BATT-EV Member=Component C? 0402B102K500NT
Added Member To Class: ClassName=SM3320-BATT-EV Member=Component R? 0402WGF4702TCE
Added Member To Class: ClassName=SM3320-BATT-EV Member=Component R? 0402WGF4702TCE
Added Member To Class: ClassName=SM3320-BATT-EV Member=Component R? 0402WGF1002TCE
