Change Component Designator: OldDesignator=D7 NewDesignator=Dtg2
Change Component Designator: OldDesignator=D9 NewDesignator=Dbg2
Change Component Designator: OldDesignator=D12 NewDesignator=Dbg1
Change Component Designator: OldDesignator=D13 NewDesignator=Dtg1
Change Component Designator: OldDesignator=Q1 NewDesignator=Qtg1
Change Component Designator: OldDesignator=Q2 NewDesignator=Qtg2
Change Component Designator: OldDesignator=Q3 NewDesignator=Qbg1
Change Component Designator: OldDesignator=Q4 NewDesignator=Qbg2
Change Component Designator: OldDesignator=R3 NewDesignator=Rtg2s
Change Component Designator: OldDesignator=R4 NewDesignator=Rtg1s
Change Component Designator: OldDesignator=R18 NewDesignator=Rtg1a
Change Component Designator: OldDesignator=R18_a NewDesignator=Rtg1b
Change Component Designator: OldDesignator=R19 NewDesignator=Rtg2a
Change Component Designator: OldDesignator=R19_a NewDesignator=Rtg2b
Change Component Designator: OldDesignator=R22 NewDesignator=Rbg1s
Change Component Designator: OldDesignator=R23 NewDesignator=Rbg2s
Change Component Designator: OldDesignator=R32 NewDesignator=Rbg1a
Change Component Designator: OldDesignator=R32_a NewDesignator=Rbg1b
Change Component Designator: OldDesignator=R33 NewDesignator=Rbg2a
Change Component Designator: OldDesignator=R33_a NewDesignator=Rbg2b
