Added Component: Designator=C5v1(C_0402)
Add component. Clean all parameters for all variants
Add component (AddParameter): Name = "JLC Availability"; Value = "Basic"; VariantName = "[No Variations]"
Add component (AddParameter): Name = "LCSC Part #"; Value = "C52923"; VariantName = "[No Variations]"
Add component (AddParameter): Name = "Value"; Value = "1uF"; VariantName = "[No Variations]"
Add component (AddParameter): Name = "WVDC"; Value = "16"; VariantName = "[No Variations]"
Added Component: Designator=C5v2(C_0402)
Add component. Clean all parameters for all variants
Add component (AddParameter): Name = "JLC Availability"; Value = "Basic"; VariantName = "[No Variations]"
Add component (AddParameter): Name = "LCSC Part #"; Value = "C15525"; VariantName = "[No Variations]"
Add component (AddParameter): Name = "Value"; Value = "10uF"; VariantName = "[No Variations]"
Add component (AddParameter): Name = "WVDC"; Value = "6.3"; VariantName = "[No Variations]"
Added Component: Designator=U5V2(SOT-223-3)
Add component. Clean all parameters for all variants
Add component (AddParameter): Name = "JLC Availability"; Value = "Basic"; VariantName = "[No Variations]"
Add component (AddParameter): Name = "LCSC Part #"; Value = "C71136"; VariantName = "[No Variations]"
Add component (AddParameter): Name = "VOut"; Value = "5.0"; VariantName = "[No Variations]"
Added Pin To Net: NetName=+3V3 Pin=R100-1
Added Pin To Net: NetName=+3V3 Pin=R101-1
Added Pin To Net: NetName=+3V3 Pin=R102-1
Added Pin To Net: NetName=+3V3 Pin=R103-1
Added Net: Name=+3V3
Added Pin To Net: NetName=+5VDC Pin=C5v2-2
Added Pin To Net: NetName=+5VDC Pin=C34-2
Added Pin To Net: NetName=+5VDC Pin=C37-1
Added Pin To Net: NetName=+5VDC Pin=C?-2
Added Pin To Net: NetName=+5VDC Pin=R21-2
Added Pin To Net: NetName=+5VDC Pin=R26-2
Added Pin To Net: NetName=+5VDC Pin=R28-2
Added Pin To Net: NetName=+5VDC Pin=R29-2
Added Pin To Net: NetName=+5VDC Pin=R30-1
Added Pin To Net: NetName=+5VDC Pin=R31-2
Added Pin To Net: NetName=+5VDC Pin=R45-1
Added Pin To Net: NetName=+5VDC Pin=R47-2
Added Pin To Net: NetName=+5VDC Pin=R48-2
Added Pin To Net: NetName=+5VDC Pin=R87_a-2
Added Pin To Net: NetName=+5VDC Pin=Rrst-2
Added Pin To Net: NetName=+5VDC Pin=Rvisns-1
Added Pin To Net: NetName=+5VDC Pin=U5V2-1
Added Pin To Net: NetName=+5VDC Pin=U8-3
Added Pin To Net: NetName=+5VDC Pin=U8-6
Added Pin To Net: NetName=+5VDC Pin=U?-17
Added Pin To Net: NetName=+5VDC Pin=Urst-7
Added Pin To Net: NetName=+5VDC Pin=Urst-8
Added Net: Name=+5VDC
Added Pin To Net: NetName=+10V Pin=C5v1-2
Added Pin To Net: NetName=+10V Pin=U5V2-3
Added Pin To Net: NetName=+10V Pin=U?-21
Added Pin To Net: NetName=+10V Pin=U?-25
Added Net: Name=+10V
Added Pin To Net: NetName=1A_GATE Pin=D_1A-2
Added Pin To Net: NetName=1A_GATE Pin=D_1A_G-1
Added Pin To Net: NetName=1A_GATE Pin=Q_LEDA-1
Added Pin To Net: NetName=1A_GATE Pin=R_1A_b-2
Added Pin To Net: NetName=1A_GATE Pin=R_1A_c-2
Added Net: Name=1A_GATE
Added Pin To Net: NetName=1B_GATE Pin=D_1B-2
Added Pin To Net: NetName=1B_GATE Pin=D_1B_G-1
Added Pin To Net: NetName=1B_GATE Pin=R_1B_b-2
Added Pin To Net: NetName=1B_GATE Pin=R_1B_c-2
Added Net: Name=1B_GATE
Added Pin To Net: NetName=3V3_SCL Pin=Qscl-2
Added Pin To Net: NetName=3V3_SCL Pin=Rscl-1
Added Net: Name=3V3_SCL
Added Pin To Net: NetName=3V3_SDA Pin=Qsda-2
Added Pin To Net: NetName=3V3_SDA Pin=Rsda-1
Added Net: Name=3V3_SDA
Added Pin To Net: NetName=5V_SCL Pin=Qscl-3
Added Pin To Net: NetName=5V_SCL Pin=R48-1
Added Pin To Net: NetName=5V_SCL Pin=U8-8
Added Net: Name=5V_SCL
Added Pin To Net: NetName=5V_SDA Pin=Qsda-3
Added Pin To Net: NetName=5V_SDA Pin=R47-1
Added Pin To Net: NetName=5V_SDA Pin=U8-9
Added Net: Name=5V_SDA
Added Pin To Net: NetName=AGND Pin=Ciin-1
Added Pin To Net: NetName=AGND Pin=Ciout-1
Added Pin To Net: NetName=AGND Pin=Riin-1
Added Pin To Net: NetName=AGND Pin=Riout-1
Added Pin To Net: NetName=AGND Pin=U8-13
Added Pin To Net: NetName=AGND Pin=U?-5
Added Net: Name=AGND
Added Pin To Net: NetName=BG1 Pin=D5-1
Added Pin To Net: NetName=BG1 Pin=R32-1
Added Pin To Net: NetName=BG1 Pin=R32_a-1
Added Pin To Net: NetName=BG1 Pin=U?-24
Added Net: Name=BG1
Added Pin To Net: NetName=BG2 Pin=D6-1
Added Pin To Net: NetName=BG2 Pin=R33-2
Added Pin To Net: NetName=BG2 Pin=R33_a-2
Added Pin To Net: NetName=BG2 Pin=U?-20
Added Net: Name=BG2
Added Pin To Net: NetName=BIN Pin=U8-19
Added Pin To Net: NetName=BIN Pin=U?-4
Added Net: Name=BIN
Added Pin To Net: NetName=BOOST1 Pin=Cboot1-2
Added Pin To Net: NetName=BOOST1 Pin=U?-26
Added Net: Name=BOOST1
Added Pin To Net: NetName=BOOST2 Pin=Cboot2-2
Added Pin To Net: NetName=BOOST2 Pin=U?-22
Added Net: Name=BOOST2
Added Pin To Net: NetName=BOUT Pin=U8-21
Added Pin To Net: NetName=BOUT Pin=U?-11
Added Net: Name=BOUT
Added Pin To Net: NetName=CSN Pin=C14-1
Added Pin To Net: NetName=CSN Pin=CCS-1
Added Pin To Net: NetName=CSN Pin=Rcsg-1
Added Net: Name=CSN
Added Pin To Net: NetName=CSP Pin=C15-1
Added Pin To Net: NetName=CSP Pin=CCS-2
Added Pin To Net: NetName=CSP Pin=Rcsp-1
Added Net: Name=CSP
Added Pin To Net: NetName=EN Pin=Ruvb-2
Added Pin To Net: NetName=EN Pin=Ruvt-1
Added Net: Name=EN
Added Pin To Net: NetName=FBIN Pin=C29-2
Added Pin To Net: NetName=FBIN Pin=R54-2
Added Pin To Net: NetName=FBIN Pin=R58-1
Added Pin To Net: NetName=FBIN Pin=Rfb2-2
Added Pin To Net: NetName=FBIN Pin=U8-15
Added Net: Name=FBIN
Added Pin To Net: NetName=FBOUT Pin=C59-2
Added Pin To Net: NetName=FBOUT Pin=R16-2
Added Pin To Net: NetName=FBOUT Pin=R213-1
Added Pin To Net: NetName=FBOUT Pin=Rfb1-2
Added Pin To Net: NetName=FBOUT Pin=U8-17
Added Net: Name=FBOUT
Added Pin To Net: NetName=FB Pin=Rfb1-1
Added Net: Name=FB
Added Pin To Net: NetName=GATEVCC_R Pin=R62-1
Added Net: Name=GATEVCC_R
Added Pin To Net: NetName=GATEVCC Pin=C56-2
Added Pin To Net: NetName=GATEVCC Pin=R62-2
Added Pin To Net: NetName=GATEVCC Pin=RINT-2
Added Net: Name=GATEVCC
Added Pin To Net: NetName=GND Pin=C1-1
Added Pin To Net: NetName=GND Pin=C4-1
Added Pin To Net: NetName=GND Pin=C5-1
Added Pin To Net: NetName=GND Pin=C5v1-1
Added Pin To Net: NetName=GND Pin=C5v2-1
Added Pin To Net: NetName=GND Pin=C6-1
Added Pin To Net: NetName=GND Pin=C7-1
Added Pin To Net: NetName=GND Pin=C8-1
Added Pin To Net: NetName=GND Pin=C9-1
Added Pin To Net: NetName=GND Pin=C10-1
Added Pin To Net: NetName=GND Pin=C11-1
Added Pin To Net: NetName=GND Pin=C12-1
Added Pin To Net: NetName=GND Pin=C14-2
Added Pin To Net: NetName=GND Pin=C15-2
Added Pin To Net: NetName=GND Pin=C16-1
Added Pin To Net: NetName=GND Pin=C20-1
Added Pin To Net: NetName=GND Pin=C25-1
Added Pin To Net: NetName=GND Pin=C27-1
Added Pin To Net: NetName=GND Pin=C28-1
Added Pin To Net: NetName=GND Pin=C29-1
Added Pin To Net: NetName=GND Pin=C30-1
Added Pin To Net: NetName=GND Pin=C33-2
Added Pin To Net: NetName=GND Pin=C34-1
Added Pin To Net: NetName=GND Pin=C36-1
Added Pin To Net: NetName=GND Pin=C37-2
Added Pin To Net: NetName=GND Pin=C39-1
Added Pin To Net: NetName=GND Pin=C41-1
Added Pin To Net: NetName=GND Pin=C44-1
Added Pin To Net: NetName=GND Pin=C45-1
Added Pin To Net: NetName=GND Pin=C49-1
Added Pin To Net: NetName=GND Pin=C50-1
Added Pin To Net: NetName=GND Pin=C51-1
Added Pin To Net: NetName=GND Pin=C52-2
Added Pin To Net: NetName=GND Pin=C53-1
Added Pin To Net: NetName=GND Pin=C54-1
Added Pin To Net: NetName=GND Pin=C55-1
Added Pin To Net: NetName=GND Pin=C56-1
Added Pin To Net: NetName=GND Pin=C58-1
Added Pin To Net: NetName=GND Pin=C59-1
Added Pin To Net: NetName=GND Pin=C61-1
Added Pin To Net: NetName=GND Pin=C66-1
Added Pin To Net: NetName=GND Pin=C69-1
Added Pin To Net: NetName=GND Pin=C70-1
Added Pin To Net: NetName=GND Pin=C72-1
Added Pin To Net: NetName=GND Pin=C130-1
Added Pin To Net: NetName=GND Pin=C410-1
Added Pin To Net: NetName=GND Pin=C450-1
Added Pin To Net: NetName=GND Pin=C470-1
Added Pin To Net: NetName=GND Pin=C620-1
Added Pin To Net: NetName=GND Pin=C?-1
Added Pin To Net: NetName=GND Pin=Cf-1
Added Pin To Net: NetName=GND Pin=Cref-1
Added Pin To Net: NetName=GND Pin=Creset-1
Added Pin To Net: NetName=GND Pin=Cvcc-1
Added Pin To Net: NetName=GND Pin=D3_a-2
Added Pin To Net: NetName=GND Pin=D3_b-2
Added Pin To Net: NetName=GND Pin=D3_c-2
Added Pin To Net: NetName=GND Pin=D3_d-2
Added Pin To Net: NetName=GND Pin=D3_e-2
Added Pin To Net: NetName=GND Pin=D3_f-2
Added Pin To Net: NetName=GND Pin=D4_a-2
Added Pin To Net: NetName=GND Pin=D4_b-2
Added Pin To Net: NetName=GND Pin=D4_c-2
Added Pin To Net: NetName=GND Pin=D4_d-2
Added Pin To Net: NetName=GND Pin=D4_e-2
Added Pin To Net: NetName=GND Pin=D4_f-2
Added Pin To Net: NetName=GND Pin=D14-1
Added Pin To Net: NetName=GND Pin=D15-1
Added Pin To Net: NetName=GND Pin=D_1A_G-2
Added Pin To Net: NetName=GND Pin=D_1B_G-2
Added Pin To Net: NetName=GND Pin=D_CLAMP_16-2
Added Pin To Net: NetName=GND Pin=Q_LEDVSS-2
Added Pin To Net: NetName=GND Pin=R16-1
Added Pin To Net: NetName=GND Pin=R38-1
Added Pin To Net: NetName=GND Pin=R39-1
Added Pin To Net: NetName=GND Pin=R40-1
Added Pin To Net: NetName=GND Pin=R41-1
Added Pin To Net: NetName=GND Pin=R54-1
Added Pin To Net: NetName=GND Pin=R110-1
Added Pin To Net: NetName=GND Pin=R140-1
Added Pin To Net: NetName=GND Pin=R?-2
Added Pin To Net: NetName=GND Pin=R_1A_c-1
Added Pin To Net: NetName=GND Pin=R_1B_c-1
Added Pin To Net: NetName=GND Pin=Rcs-2
Added Pin To Net: NetName=GND Pin=Rcsg-2
Added Pin To Net: NetName=GND Pin=Rmode-1
Added Pin To Net: NetName=GND Pin=Ruvb-1
Added Pin To Net: NetName=GND Pin=SWrst-2
Added Pin To Net: NetName=GND Pin=SWrst-2
Added Pin To Net: NetName=GND Pin=U5V2-2
Added Pin To Net: NetName=GND Pin=U5V2-2
Added Pin To Net: NetName=GND Pin=U8-2
Added Pin To Net: NetName=GND Pin=U8-4
Added Pin To Net: NetName=GND Pin=U8-7
Added Pin To Net: NetName=GND Pin=U8-10
Added Pin To Net: NetName=GND Pin=U8-22
Added Pin To Net: NetName=GND Pin=U?-23
Added Pin To Net: NetName=GND Pin=Urst-4
Added Net: Name=GND
Added Pin To Net: NetName=HIA Pin=U8-26
Added Pin To Net: NetName=HIA Pin=U?-7
Added Net: Name=HIA
Added Pin To Net: NetName=HIB Pin=U8-25
Added Pin To Net: NetName=HIB Pin=U?-8
Added Net: Name=HIB
Added Pin To Net: NetName=IIN Pin=Ciin-2
Added Pin To Net: NetName=IIN Pin=Riin-2
Added Pin To Net: NetName=IIN Pin=U?-3
Added Net: Name=IIN
Added Pin To Net: NetName=INTVCC Pin=Cvcc-2
Added Pin To Net: NetName=INTVCC Pin=RINT-1
Added Net: Name=INTVCC
Added Pin To Net: NetName=IOUT Pin=Ciout-2
Added Pin To Net: NetName=IOUT Pin=Riout-2
Added Pin To Net: NetName=IOUT Pin=U?-12
Added Net: Name=IOUT
Added Pin To Net: NetName=ISNS+ Pin=Risns+-2
Added Net: Name=ISNS+
Added Pin To Net: NetName=ISNS- Pin=Risns--2
Added Net: Name=ISNS-
Added Pin To Net: NetName=ISNS_F+ Pin=CISNS-2
Added Pin To Net: NetName=ISNS_F+ Pin=Risns+-1
Added Net: Name=ISNS_F+
Added Pin To Net: NetName=ISNS_F- Pin=CISNS-1
Added Pin To Net: NetName=ISNS_F- Pin=Risns--1
Added Net: Name=ISNS_F-
Added Pin To Net: NetName=LED_A Pin=J1-11
Added Pin To Net: NetName=LED_A Pin=J2-9
Added Pin To Net: NetName=LED_A Pin=R_LEDB_O-2
Added Net: Name=LED_A
Added Pin To Net: NetName=LED_B Pin=J1-9
Added Pin To Net: NetName=LED_B Pin=J2-11
Added Pin To Net: NetName=LED_B Pin=R_LEDA_O-2
Added Net: Name=LED_B
Added Pin To Net: NetName=LED_VSS Pin=Q_LEDA-2
Added Pin To Net: NetName=LED_VSS Pin=Q_LEDB-2
Added Pin To Net: NetName=LED_VSS Pin=Q_LEDVSS-3
Added Net: Name=LED_VSS
Added Pin To Net: NetName=LIA Pin=U8-27
Added Pin To Net: NetName=LIA Pin=U?-6
Added Net: Name=LIA
Added Pin To Net: NetName=LIB Pin=U8-24
Added Pin To Net: NetName=LIB Pin=U?-9
Added Net: Name=LIB
Added Pin To Net: NetName=MODE Pin=Rmode-2
Added Net: Name=MODE
Added Pin To Net: NetName=NC4 Pin=C69-2
Added Pin To Net: NetName=NC4 Pin=R87_a-1
Added Pin To Net: NetName=NC4 Pin=U8-23
Added Net: Name=NC4
Added Pin To Net: NetName=NetC18_1 Pin=C18-1
Added Pin To Net: NetName=NetC18_1 Pin=D15-2
Added Pin To Net: NetName=NetC18_1 Pin=R110-2
Added Net: Name=NetC18_1
Added Pin To Net: NetName=NetC19_1 Pin=C19-1
Added Pin To Net: NetName=NetC19_1 Pin=D14-2
Added Pin To Net: NetName=NetC19_1 Pin=R140-2
Added Net: Name=NetC19_1
Added Pin To Net: NetName=NetC33_1 Pin=C33-1
Added Pin To Net: NetName=NetC33_1 Pin=C39-2
Added Pin To Net: NetName=NetC33_1 Pin=R21-1
Added Pin To Net: NetName=NetC33_1 Pin=U8-12
Added Net: Name=NetC33_1
Added Pin To Net: NetName=NetC49_2 Pin=C49-2
Added Pin To Net: NetName=NetC49_2 Pin=R28-1
Added Pin To Net: NetName=NetC49_2 Pin=R38-2
Added Pin To Net: NetName=NetC49_2 Pin=U8-14
Added Net: Name=NetC49_2
Added Pin To Net: NetName=NetC50_2 Pin=C50-2
Added Pin To Net: NetName=NetC50_2 Pin=R29-1
Added Pin To Net: NetName=NetC50_2 Pin=R39-2
Added Pin To Net: NetName=NetC50_2 Pin=U8-16
Added Net: Name=NetC50_2
Added Pin To Net: NetName=NetC51_2 Pin=C51-2
Added Pin To Net: NetName=NetC51_2 Pin=R30-2
Added Pin To Net: NetName=NetC51_2 Pin=R40-2
Added Pin To Net: NetName=NetC51_2 Pin=U8-18
Added Net: Name=NetC51_2
Added Pin To Net: NetName=NetC52_1 Pin=C52-1
Added Pin To Net: NetName=NetC52_1 Pin=R31-1
Added Pin To Net: NetName=NetC52_1 Pin=R41-2
Added Pin To Net: NetName=NetC52_1 Pin=U8-20
Added Net: Name=NetC52_1
Added Pin To Net: NetName=NetCref_2 Pin=Cref-2
Added Pin To Net: NetName=NetCref_2 Pin=Urst-1
Added Net: Name=NetCref_2
Added Pin To Net: NetName=NetCreset_2 Pin=Creset-2
Added Pin To Net: NetName=NetCreset_2 Pin=Urst-3
Added Net: Name=NetCreset_2
Added Pin To Net: NetName=NetD3_2 Pin=D3-2
Added Pin To Net: NetName=NetD3_2 Pin=Q1-1
Added Pin To Net: NetName=NetD3_2 Pin=R4-2
Added Pin To Net: NetName=NetD3_2 Pin=R18-2
Added Pin To Net: NetName=NetD3_2 Pin=R18_a-2
Added Net: Name=NetD3_2
Added Pin To Net: NetName=NetD4_2 Pin=D4-2
Added Pin To Net: NetName=NetD4_2 Pin=Q2-1
Added Pin To Net: NetName=NetD4_2 Pin=R3-1
Added Pin To Net: NetName=NetD4_2 Pin=R19-1
Added Pin To Net: NetName=NetD4_2 Pin=R19_a-1
Added Net: Name=NetD4_2
Added Pin To Net: NetName=NetD5_2 Pin=D5-2
Added Pin To Net: NetName=NetD5_2 Pin=Q3-1
Added Pin To Net: NetName=NetD5_2 Pin=R22-2
Added Pin To Net: NetName=NetD5_2 Pin=R32-2
Added Pin To Net: NetName=NetD5_2 Pin=R32_a-2
Added Net: Name=NetD5_2
Added Pin To Net: NetName=NetD6_2 Pin=D6-2
Added Pin To Net: NetName=NetD6_2 Pin=Q4-1
Added Pin To Net: NetName=NetD6_2 Pin=R23-1
Added Pin To Net: NetName=NetD6_2 Pin=R33-1
Added Pin To Net: NetName=NetD6_2 Pin=R33_a-1
Added Net: Name=NetD6_2
Added Pin To Net: NetName=NetD_CLAMP_1_2 Pin=D_CLAMP_1-2
Added Pin To Net: NetName=NetD_CLAMP_1_2 Pin=D_CLAMP_2-1
Added Net: Name=NetD_CLAMP_1_2
Added Pin To Net: NetName=NetD_CLAMP_2_2 Pin=D_CLAMP_2-2
Added Pin To Net: NetName=NetD_CLAMP_2_2 Pin=D_CLAMP_3-1
Added Net: Name=NetD_CLAMP_2_2
Added Pin To Net: NetName=NetD_CLAMP_3_2 Pin=D_CLAMP_3-2
Added Pin To Net: NetName=NetD_CLAMP_3_2 Pin=D_CLAMP_4-1
Added Net: Name=NetD_CLAMP_3_2
Added Pin To Net: NetName=NetD_CLAMP_4_2 Pin=D_CLAMP_4-2
Added Pin To Net: NetName=NetD_CLAMP_4_2 Pin=D_CLAMP_5-1
Added Net: Name=NetD_CLAMP_4_2
Added Pin To Net: NetName=NetD_CLAMP_5_2 Pin=D_CLAMP_5-2
Added Pin To Net: NetName=NetD_CLAMP_5_2 Pin=D_CLAMP_6-1
Added Net: Name=NetD_CLAMP_5_2
Added Pin To Net: NetName=NetD_CLAMP_6_2 Pin=D_CLAMP_6-2
Added Pin To Net: NetName=NetD_CLAMP_6_2 Pin=D_CLAMP_7-1
Added Net: Name=NetD_CLAMP_6_2
Added Pin To Net: NetName=NetD_CLAMP_7_2 Pin=D_CLAMP_7-2
Added Pin To Net: NetName=NetD_CLAMP_7_2 Pin=D_CLAMP_8-1
Added Pin To Net: NetName=NetD_CLAMP_7_2 Pin=R160-2
Added Net: Name=NetD_CLAMP_7_2
Added Pin To Net: NetName=NetD_CLAMP_8_2 Pin=D_CLAMP_8-2
Added Pin To Net: NetName=NetD_CLAMP_8_2 Pin=D_CLAMP_9-1
Added Net: Name=NetD_CLAMP_8_2
Added Pin To Net: NetName=NetD_CLAMP_9_2 Pin=D_CLAMP_9-2
Added Pin To Net: NetName=NetD_CLAMP_9_2 Pin=D_CLAMP_10-1
Added Pin To Net: NetName=NetD_CLAMP_9_2 Pin=R160-1
Added Net: Name=NetD_CLAMP_9_2
Added Pin To Net: NetName=NetD_CLAMP_10_2 Pin=D_CLAMP_10-2
Added Pin To Net: NetName=NetD_CLAMP_10_2 Pin=D_CLAMP_11-1
Added Net: Name=NetD_CLAMP_10_2
Added Pin To Net: NetName=NetD_CLAMP_11_2 Pin=D_CLAMP_11-2
Added Pin To Net: NetName=NetD_CLAMP_11_2 Pin=D_CLAMP_12-1
Added Net: Name=NetD_CLAMP_11_2
Added Pin To Net: NetName=NetD_CLAMP_12_2 Pin=D_CLAMP_12-2
Added Pin To Net: NetName=NetD_CLAMP_12_2 Pin=D_CLAMP_13-1
Added Net: Name=NetD_CLAMP_12_2
Added Pin To Net: NetName=NetD_CLAMP_13_2 Pin=D_CLAMP_13-2
Added Pin To Net: NetName=NetD_CLAMP_13_2 Pin=D_CLAMP_14-1
Added Net: Name=NetD_CLAMP_13_2
Added Pin To Net: NetName=NetD_CLAMP_14_2 Pin=D_CLAMP_14-2
Added Pin To Net: NetName=NetD_CLAMP_14_2 Pin=D_CLAMP_15-1
Added Net: Name=NetD_CLAMP_14_2
Added Pin To Net: NetName=NetD_CLAMP_15_2 Pin=D_CLAMP_15-2
Added Pin To Net: NetName=NetD_CLAMP_15_2 Pin=D_CLAMP_16-1
Added Net: Name=NetD_CLAMP_15_2
Added Pin To Net: NetName=NetDf_1 Pin=Df-1
Added Pin To Net: NetName=NetDf_1 Pin=Rf-2
Added Net: Name=NetDf_1
Added Pin To Net: NetName=NetJ1_10 Pin=J1-10
Added Pin To Net: NetName=NetJ1_10 Pin=R101-2
Added Net: Name=NetJ1_10
Added Pin To Net: NetName=NetJ1_12 Pin=J1-12
Added Pin To Net: NetName=NetJ1_12 Pin=R100-2
Added Net: Name=NetJ1_12
Added Pin To Net: NetName=NetJ1_S1 Pin=J1-S1
Added Pin To Net: NetName=NetJ1_S1 Pin=J1-S2
Added Net: Name=NetJ1_S1
Added Pin To Net: NetName=NetJ2_10 Pin=J2-10
Added Pin To Net: NetName=NetJ2_10 Pin=R102-2
Added Net: Name=NetJ2_10
Added Pin To Net: NetName=NetJ2_12 Pin=J2-12
Added Pin To Net: NetName=NetJ2_12 Pin=R103-2
Added Net: Name=NetJ2_12
Added Pin To Net: NetName=NetJ2_S1 Pin=J2-S1
Added Pin To Net: NetName=NetJ2_S1 Pin=J2-S2
Added Net: Name=NetJ2_S1
Added Pin To Net: NetName=NetQ_LEDA_3 Pin=Q_LEDA-3
Added Pin To Net: NetName=NetQ_LEDA_3 Pin=Q_LEDB-1
Added Pin To Net: NetName=NetQ_LEDA_3 Pin=R_LEDB_O-1
Added Net: Name=NetQ_LEDA_3
Added Pin To Net: NetName=NetQ_LEDB_3 Pin=Q_LEDB-3
Added Pin To Net: NetName=NetQ_LEDB_3 Pin=R_LEDA_O-1
Added Net: Name=NetQ_LEDB_3
Added Pin To Net: NetName=NetR45_2 Pin=R45-2
Added Pin To Net: NetName=NetR45_2 Pin=U8-5
Added Net: Name=NetR45_2
Added Pin To Net: NetName=NetR_1A_a_2 Pin=R_1A_a-2
Added Pin To Net: NetName=NetR_1A_a_2 Pin=R_1A_b-1
Added Net: Name=NetR_1A_a_2
Added Pin To Net: NetName=NetR_1B_a_2 Pin=R_1B_a-2
Added Pin To Net: NetName=NetR_1B_a_2 Pin=R_1B_b-1
Added Net: Name=NetR_1B_a_2
Added Pin To Net: NetName=nRST Pin=C66-2
Added Pin To Net: NetName=nRST Pin=R26-1
Added Pin To Net: NetName=nRST Pin=U8-1
Added Pin To Net: NetName=nRST Pin=Urst-5
Added Net: Name=nRST
Added Pin To Net: NetName=OVS Pin=R?-1
Added Pin To Net: NetName=OVS Pin=U?-16
Added Net: Name=OVS
Added Pin To Net: NetName=PAN_DET Pin=D_1A-1
Added Pin To Net: NetName=PAN_DET Pin=D_1B-1
Added Pin To Net: NetName=PAN_DET Pin=Q_LEDVSS-1
Added Net: Name=PAN_DET
Added Pin To Net: NetName=PGND Pin=D9-2
Added Pin To Net: NetName=PGND Pin=D12-2
Added Pin To Net: NetName=PGND Pin=Q3-3
Added Pin To Net: NetName=PGND Pin=Q4-3
Added Pin To Net: NetName=PGND Pin=R22-1
Added Pin To Net: NetName=PGND Pin=R23-2
Added Pin To Net: NetName=PGND Pin=Rcs-1
Added Pin To Net: NetName=PGND Pin=Rcsp-2
Added Net: Name=PGND
Added Pin To Net: NetName=PM Pin=Rvisns-2
Added Pin To Net: NetName=PM Pin=U8-28
Added Net: Name=PM
Added Pin To Net: NetName=RESIN Pin=Rrst-1
Added Pin To Net: NetName=RESIN Pin=SWrst-1
Added Pin To Net: NetName=RESIN Pin=SWrst-1
Added Pin To Net: NetName=RESIN Pin=Urst-2
Added Net: Name=RESIN
Added Pin To Net: NetName=RST Pin=U?-10
Added Net: Name=RST
Added Pin To Net: NetName=SIA Pin=Riinsns1-1
Added Pin To Net: NetName=SIA Pin=U?-1
Added Net: Name=SIA
Added Pin To Net: NetName=SIB Pin=Rioutsns1-1
Added Pin To Net: NetName=SIB Pin=U?-14
Added Net: Name=SIB
Added Pin To Net: NetName=SOA Pin=Riinsns2-1
Added Pin To Net: NetName=SOA Pin=U?-2
Added Net: Name=SOA
Added Pin To Net: NetName=SOB Pin=Rioutsns2-1
Added Pin To Net: NetName=SOB Pin=U?-13
Added Net: Name=SOB
Added Pin To Net: NetName=SOL_1A Pin=D1_a-2
Added Pin To Net: NetName=SOL_1A Pin=D1_b-2
Added Pin To Net: NetName=SOL_1A Pin=D1_c-2
Added Pin To Net: NetName=SOL_1A Pin=D1_d-2
Added Pin To Net: NetName=SOL_1A Pin=D1_e-2
Added Pin To Net: NetName=SOL_1A Pin=D1_f-2
Added Pin To Net: NetName=SOL_1A Pin=D3_a-1
Added Pin To Net: NetName=SOL_1A Pin=D3_b-1
Added Pin To Net: NetName=SOL_1A Pin=D3_c-1
Added Pin To Net: NetName=SOL_1A Pin=D3_d-1
Added Pin To Net: NetName=SOL_1A Pin=D3_e-1
Added Pin To Net: NetName=SOL_1A Pin=D3_f-1
Added Pin To Net: NetName=SOL_1A Pin=J1-1
Added Pin To Net: NetName=SOL_1A Pin=J1-2
Added Pin To Net: NetName=SOL_1A Pin=J1-3
Added Pin To Net: NetName=SOL_1A Pin=J1-4
Added Pin To Net: NetName=SOL_1A Pin=J1-5
Added Pin To Net: NetName=SOL_1A Pin=J1-6
Added Pin To Net: NetName=SOL_1A Pin=J1-7
Added Pin To Net: NetName=SOL_1A Pin=J1-8
Added Pin To Net: NetName=SOL_1A Pin=R_1A_a-1
Added Net: Name=SOL_1A
Added Pin To Net: NetName=SOL_1B Pin=D2_a-2
Added Pin To Net: NetName=SOL_1B Pin=D2_b-2
Added Pin To Net: NetName=SOL_1B Pin=D2_c-2
Added Pin To Net: NetName=SOL_1B Pin=D2_d-2
Added Pin To Net: NetName=SOL_1B Pin=D2_e-2
Added Pin To Net: NetName=SOL_1B Pin=D2_f-2
Added Pin To Net: NetName=SOL_1B Pin=D4_a-1
Added Pin To Net: NetName=SOL_1B Pin=D4_b-1
Added Pin To Net: NetName=SOL_1B Pin=D4_c-1
Added Pin To Net: NetName=SOL_1B Pin=D4_d-1
Added Pin To Net: NetName=SOL_1B Pin=D4_e-1
Added Pin To Net: NetName=SOL_1B Pin=D4_f-1
Added Pin To Net: NetName=SOL_1B Pin=J2-1
Added Pin To Net: NetName=SOL_1B Pin=J2-2
Added Pin To Net: NetName=SOL_1B Pin=J2-3
Added Pin To Net: NetName=SOL_1B Pin=J2-4
Added Pin To Net: NetName=SOL_1B Pin=J2-5
Added Pin To Net: NetName=SOL_1B Pin=J2-6
Added Pin To Net: NetName=SOL_1B Pin=J2-7
Added Pin To Net: NetName=SOL_1B Pin=J2-8
Added Pin To Net: NetName=SOL_1B Pin=R_1B_a-1
Added Net: Name=SOL_1B
Added Pin To Net: NetName=SS Pin=Rfb2-1
Added Net: Name=SS
Added Pin To Net: NetName=SW1 Pin=C18-2
Added Pin To Net: NetName=SW1 Pin=Cboot1-1
Added Pin To Net: NetName=SW1 Pin=D12-1
Added Pin To Net: NetName=SW1 Pin=D13-2
Added Pin To Net: NetName=SW1 Pin=L1-1
Added Pin To Net: NetName=SW1 Pin=L2-1
Added Pin To Net: NetName=SW1 Pin=L3-1
Added Pin To Net: NetName=SW1 Pin=L4-1
Added Pin To Net: NetName=SW1 Pin=L5-1
Added Pin To Net: NetName=SW1 Pin=L6-1
Added Pin To Net: NetName=SW1 Pin=L7-1
Added Pin To Net: NetName=SW1 Pin=L8-1
Added Pin To Net: NetName=SW1 Pin=L9-1
Added Pin To Net: NetName=SW1 Pin=L10-1
Added Pin To Net: NetName=SW1 Pin=L11-1
Added Pin To Net: NetName=SW1 Pin=L12-1
Added Pin To Net: NetName=SW1 Pin=Q1-3
Added Pin To Net: NetName=SW1 Pin=Q3-2
Added Pin To Net: NetName=SW1 Pin=R4-1
Added Pin To Net: NetName=SW1 Pin=U?-28
Added Net: Name=SW1
Added Pin To Net: NetName=SW2 Pin=C19-2
Added Pin To Net: NetName=SW2 Pin=Cboot2-1
Added Pin To Net: NetName=SW2 Pin=D7-2
Added Pin To Net: NetName=SW2 Pin=D9-1
Added Pin To Net: NetName=SW2 Pin=L1-2
Added Pin To Net: NetName=SW2 Pin=L2-2
Added Pin To Net: NetName=SW2 Pin=L3-2
Added Pin To Net: NetName=SW2 Pin=L4-2
Added Pin To Net: NetName=SW2 Pin=L5-2
Added Pin To Net: NetName=SW2 Pin=L6-2
Added Pin To Net: NetName=SW2 Pin=L7-2
Added Pin To Net: NetName=SW2 Pin=L8-2
Added Pin To Net: NetName=SW2 Pin=L9-2
Added Pin To Net: NetName=SW2 Pin=L10-2
Added Pin To Net: NetName=SW2 Pin=L11-2
Added Pin To Net: NetName=SW2 Pin=L12-2
Added Pin To Net: NetName=SW2 Pin=Q2-3
Added Pin To Net: NetName=SW2 Pin=Q4-2
Added Pin To Net: NetName=SW2 Pin=R3-2
Added Pin To Net: NetName=SW2 Pin=U?-19
Added Net: Name=SW2
Added Pin To Net: NetName=TG1 Pin=D3-1
Added Pin To Net: NetName=TG1 Pin=R18-1
Added Pin To Net: NetName=TG1 Pin=R18_a-1
Added Pin To Net: NetName=TG1 Pin=U?-27
Added Net: Name=TG1
Added Pin To Net: NetName=TG2 Pin=D4-1
Added Pin To Net: NetName=TG2 Pin=R19-2
Added Pin To Net: NetName=TG2 Pin=R19_a-2
Added Pin To Net: NetName=TG2 Pin=U?-18
Added Net: Name=TG2
Added Pin To Net: NetName=VCC_3V3 Pin=Qscl-1
Added Pin To Net: NetName=VCC_3V3 Pin=Qsda-1
Added Pin To Net: NetName=VCC_3V3 Pin=Rscl-2
Added Pin To Net: NetName=VCC_3V3 Pin=Rsda-2
Added Net: Name=VCC_3V3
Added Pin To Net: NetName=VIN_N Pin=C4-2
Added Pin To Net: NetName=VIN_N Pin=C5-2
Added Pin To Net: NetName=VIN_N Pin=C6-2
Added Pin To Net: NetName=VIN_N Pin=C7-2
Added Pin To Net: NetName=VIN_N Pin=C8-2
Added Pin To Net: NetName=VIN_N Pin=C9-2
Added Pin To Net: NetName=VIN_N Pin=C10-2
Added Pin To Net: NetName=VIN_N Pin=C11-2
Added Pin To Net: NetName=VIN_N Pin=C12-2
Added Pin To Net: NetName=VIN_N Pin=C70-2
Added Pin To Net: NetName=VIN_N Pin=C72-2
Added Pin To Net: NetName=VIN_N Pin=C130-2
Added Pin To Net: NetName=VIN_N Pin=D13-1
Added Pin To Net: NetName=VIN_N Pin=Q1-2
Added Pin To Net: NetName=VIN_N Pin=R1-1
Added Pin To Net: NetName=VIN_N Pin=Riinsns2-2
Added Net: Name=VIN_N
Added Pin To Net: NetName=VIN_P Pin=C41-2
Added Pin To Net: NetName=VIN_P Pin=C45-2
Added Pin To Net: NetName=VIN_P Pin=C53-2
Added Pin To Net: NetName=VIN_P Pin=C620-2
Added Pin To Net: NetName=VIN_P Pin=D1_a-1
Added Pin To Net: NetName=VIN_P Pin=D1_b-1
Added Pin To Net: NetName=VIN_P Pin=D1_c-1
Added Pin To Net: NetName=VIN_P Pin=D1_d-1
Added Pin To Net: NetName=VIN_P Pin=D1_e-1
Added Pin To Net: NetName=VIN_P Pin=D1_f-1
Added Pin To Net: NetName=VIN_P Pin=D2_a-1
Added Pin To Net: NetName=VIN_P Pin=D2_b-1
Added Pin To Net: NetName=VIN_P Pin=D2_c-1
Added Pin To Net: NetName=VIN_P Pin=D2_d-1
Added Pin To Net: NetName=VIN_P Pin=D2_e-1
Added Pin To Net: NetName=VIN_P Pin=D2_f-1
Added Pin To Net: NetName=VIN_P Pin=D_CLAMP_1-1
Added Pin To Net: NetName=VIN_P Pin=Df-2
Added Pin To Net: NetName=VIN_P Pin=R1-2
Added Pin To Net: NetName=VIN_P Pin=R58-2
Added Pin To Net: NetName=VIN_P Pin=Riinsns1-2
Added Pin To Net: NetName=VIN_P Pin=Ruvt-2
Added Net: Name=VIN_P
Added Pin To Net: NetName=VIN Pin=Cf-2
Added Pin To Net: NetName=VIN Pin=Rf-1
Added Net: Name=VIN
Added Pin To Net: NetName=VOUT_N Pin=C54-2
Added Pin To Net: NetName=VOUT_N Pin=C55-2
Added Pin To Net: NetName=VOUT_N Pin=C58-2
Added Pin To Net: NetName=VOUT_N Pin=C61-2
Added Pin To Net: NetName=VOUT_N Pin=R10-2
Added Pin To Net: NetName=VOUT_N Pin=R213-2
Added Pin To Net: NetName=VOUT_N Pin=Rioutsns2-2
Added Net: Name=VOUT_N
Added Pin To Net: NetName=VOUT_P Pin=C1-2
Added Pin To Net: NetName=VOUT_P Pin=C16-2
Added Pin To Net: NetName=VOUT_P Pin=C20-2
Added Pin To Net: NetName=VOUT_P Pin=C25-2
Added Pin To Net: NetName=VOUT_P Pin=C27-2
Added Pin To Net: NetName=VOUT_P Pin=C28-2
Added Pin To Net: NetName=VOUT_P Pin=C30-2
Added Pin To Net: NetName=VOUT_P Pin=C36-2
Added Pin To Net: NetName=VOUT_P Pin=C44-2
Added Pin To Net: NetName=VOUT_P Pin=C410-2
Added Pin To Net: NetName=VOUT_P Pin=C450-2
Added Pin To Net: NetName=VOUT_P Pin=C470-2
Added Pin To Net: NetName=VOUT_P Pin=D7-1
Added Pin To Net: NetName=VOUT_P Pin=Q2-2
Added Pin To Net: NetName=VOUT_P Pin=R10-1
Added Pin To Net: NetName=VOUT_P Pin=Rioutsns1-2
Added Net: Name=VOUT_P
Added Class: Name=SM3320-BATT-EV
