Removed Pin From Net: NetName=GND Pin=U1-0
Removed Pin From Net: NetName=EN Pin=U1-1
Removed Pin From Net: NetName=VISNS Pin=U1-3
Removed Pin From Net: NetName=MODE Pin=U1-4
Removed Pin From Net: NetName=DITHER Pin=U1-5
Removed Pin From Net: NetName=RT Pin=U1-6
Removed Pin From Net: NetName=SLOPE Pin=U1-7
Removed Pin From Net: NetName=SS Pin=U1-8
Removed Pin From Net: NetName=VC Pin=U1-9
Removed Pin From Net: NetName=GND Pin=U1-10
Removed Pin From Net: NetName=FB Pin=U1-11
Removed Pin From Net: NetName=VOUT_N Pin=U1-12
Removed Pin From Net: NetName=ISNS_F- Pin=U1-13
Removed Pin From Net: NetName=ISNS_F+ Pin=U1-14
Removed Pin From Net: NetName=CSN Pin=U1-15
Removed Pin From Net: NetName=CSP Pin=U1-16
Removed Pin From Net: NetName=PGOOD Pin=U1-17
Removed Pin From Net: NetName=SW2 Pin=U1-18
Removed Pin From Net: NetName=TG2 Pin=U1-19
Removed Pin From Net: NetName=BOOST2 Pin=U1-20
Removed Pin From Net: NetName=BG2 Pin=U1-21
Removed Pin From Net: NetName=GND Pin=U1-22
Removed Pin From Net: NetName=INTVCC Pin=U1-23
Removed Pin From Net: NetName=BIAS Pin=U1-24
Removed Pin From Net: NetName=BG1 Pin=U1-25
Removed Pin From Net: NetName=BOOST1 Pin=U1-26
Removed Pin From Net: NetName=TG1 Pin=U1-27
Removed Pin From Net: NetName=SW1 Pin=U1-28
Removed Member From Class: ClassName=SM3320-BATT-EV Member=U1
Added Member To Class: ClassName=SM3320-BATT-EV Member=Component C? CL05A105KA5NQNC
Added Member To Class: ClassName=SM3320-BATT-EV Member=Component C? CL05A105KA5NQNC
Added Member To Class: ClassName=SM3320-BATT-EV Member=Component C? CL05B104KO5NNNC
Added Member To Class: ClassName=SM3320-BATT-EV Member=Component C? 0402B102K500NT
Added Member To Class: ClassName=SM3320-BATT-EV Member=Component Ccomp2 0402B151K500NT
Added Member To Class: ClassName=SM3320-BATT-EV Member=Component R? 0402WGF4702TCE
Added Member To Class: ClassName=SM3320-BATT-EV Member=Component R? 0402WGF1002TCE
Added Member To Class: ClassName=SM3320-BATT-EV Member=Component Rmode 0402WGF5102TCE
Added Member To Class: ClassName=SM3320-BATT-EV Member=Component Rvisns 0402WGF2201TCE
