Change Component Comment : Designator=Rpsus2 Old Comment=0402WGF1000TCE New Comment=0402WGF1002TCE
Added Pin To Net: NetName=+12V Pin=C12v1-1
Added Pin To Net: NetName=GND Pin=C12v1-2
Added Pin To Net: NetName=+12V Pin=C12v2-1
Added Pin To Net: NetName=GND Pin=C12v2-2
Added Pin To Net: NetName=+12V Pin=C12v3-1
Added Pin To Net: NetName=GND Pin=C12v3-2
Added Pin To Net: NetName=+12V Pin=C12v4-1
Added Pin To Net: NetName=GND Pin=C12v4-2
Added Pin To Net: NetName=+12V Pin=C12v5-1
Added Pin To Net: NetName=GND Pin=C12v5-2
Added Pin To Net: NetName=+12V Pin=C12v6-1
Added Pin To Net: NetName=GND Pin=C12v6-2
Added Pin To Net: NetName=+12V Pin=C12v7-1
Added Pin To Net: NetName=GND Pin=C12v7-2
Added Pin To Net: NetName=+12V Pin=C12v8-1
Added Pin To Net: NetName=GND Pin=C12v8-2
Added Pin To Net: NetName=NetC201_1 Pin=C201-1
Added Pin To Net: NetName=GND Pin=C201-2
Added Pin To Net: NetName=NetCbst_1 Pin=Cbst-1
Added Pin To Net: NetName=NetCbst_2 Pin=Cbst-2
Added Pin To Net: NetName=NetCcmp_1 Pin=Ccmp-1
Added Pin To Net: NetName=+12V Pin=Ccmp-2
Added Pin To Net: NetName=NetCbst_2 Pin=Dpsu1-1
Added Pin To Net: NetName=GND Pin=Dpsu1-2
Added Pin To Net: NetName=VIN_P Pin=Dpsu2-1
Added Pin To Net: NetName=NetCbst_2 Pin=L200-1
Added Pin To Net: NetName=+12V Pin=L200-2
Added Pin To Net: NetName=WAKEUP_R Pin=Qpsu2-1
Added Pin To Net: NetName=GND Pin=Qpsu2-2
Added Pin To Net: NetName=PFET Pin=Qpsu2-3
Added Pin To Net: NetName=VIN_P Pin=Qpsu-2
Added Pin To Net: NetName=NetQpsu_3 Pin=Qpsu-3
Added Pin To Net: NetName=NetRcl1_1 Pin=Rcl1-1
Added Pin To Net: NetName=NetRcl1_2 Pin=Rcl1-2
Added Pin To Net: NetName=GND Pin=Rcl2-1
Added Pin To Net: NetName=NetRcl1_1 Pin=Rcl2-2
Added Pin To Net: NetName=NetRon_a_1 Pin=Ron_a-1
Added Pin To Net: NetName=NetRon_a_2 Pin=Ron_a-2
Added Pin To Net: NetName=NetRon_b_1 Pin=Ron_b-1
Added Pin To Net: NetName=NetRon_a_1 Pin=Ron_b-2
Added Pin To Net: NetName=NetQpsu_3 Pin=Ron_c-1
Added Pin To Net: NetName=NetRon_b_1 Pin=Ron_c-2
Added Pin To Net: NetName=+12V Pin=Rpsufb1-1
Added Pin To Net: NetName=NetCcmp_1 Pin=Rpsufb1-2
Added Pin To Net: NetName=GND Pin=Rpsufb2-1
Added Pin To Net: NetName=NetCcmp_1 Pin=Rpsufb2-2
Added Pin To Net: NetName=PFET Pin=Rpsug-2
Added Pin To Net: NetName=WAKEUP_R Pin=Rpsus2-1
Added Pin To Net: NetName=GND Pin=Rpsus2-2
Added Pin To Net: NetName=VIN_P Pin=Rpsus-1
Added Pin To Net: NetName=NetCbst_2 Pin=Upsu-1
Added Pin To Net: NetName=NetCbst_1 Pin=Upsu-2
Added Pin To Net: NetName=NetRcl1_2 Pin=Upsu-3
Added Pin To Net: NetName=GND Pin=Upsu-4
Added Pin To Net: NetName=NetCcmp_1 Pin=Upsu-5
Added Pin To Net: NetName=NetRon_a_2 Pin=Upsu-6
Added Pin To Net: NetName=NetC201_1 Pin=Upsu-7
Added Pin To Net: NetName=NetQpsu_3 Pin=Upsu-8
Added Pin To Net: NetName=NetDpsu2_2 Pin=Dpsu2-2
Added Pin To Net: NetName=NetDpsu2_2 Pin=Qpsu-1
Added Pin To Net: NetName=NetDpsu2_2 Pin=Rpsug-1
Added Pin To Net: NetName=NetDpsu2_2 Pin=Rpsus-2
Added Net: Name=NetDpsu2_2
Added Member To Class: ClassName=SM3320-BATT-EV Member=Component Dpsu2 ZMM5V6-M
