Change Component DesignItemId : Designator=Riinsns1 Old DesignItemId=0402WGF0000TCE New DesignItemId=0603WAF1001T5E
Change Component DesignItemId : Designator=Riinsns2 Old DesignItemId=0402WGF0000TCE New DesignItemId=0603WAF1001T5E
Change Component DesignItemId : Designator=Rioutsns1 Old DesignItemId=0402WGF0000TCE New DesignItemId=0603WAF1001T5E
Change Component DesignItemId : Designator=Rioutsns2 Old DesignItemId=0402WGF0000TCE New DesignItemId=0603WAF1001T5E
Change Component Footprint: Designator=Riinsns1 Old Footprint=R_0402 New Footprint=R_0603
Change Component Footprint: Designator=Riinsns2 Old Footprint=R_0402 New Footprint=R_0603
Change Component Footprint: Designator=Rioutsns1 Old Footprint=R_0402 New Footprint=R_0603
Change Component Footprint: Designator=Rioutsns2 Old Footprint=R_0402 New Footprint=R_0603
Change Component Comment : Designator=Riinsns1 Old Comment=0402WGF0000TCE New Comment=0603WAF1001T5E
Change Component Comment : Designator=Riinsns2 Old Comment=0402WGF0000TCE New Comment=0603WAF1001T5E
Change Component Comment : Designator=Rioutsns1 Old Comment=0402WGF0000TCE New Comment=0603WAF1001T5E
Change Component Comment : Designator=Rioutsns2 Old Comment=0402WGF0000TCE New Comment=0603WAF1001T5E
Change Component Designator: OldDesignator=C? NewDesignator=Ciin
Change Component Designator: OldDesignator=C? NewDesignator=Ciout
Change Component Designator: OldDesignator=R? NewDesignator=Riin
Change Component Designator: OldDesignator=R? NewDesignator=Riout
Change Component Description : Designator=Riinsns1 Old Description=R - RESISTOR - SMD - 0R - 1% - 0402 New Description=R - RESISTOR - SMD - 1k - 1% - 0603
Change Component Description : Designator=Riinsns2 Old Description=R - RESISTOR - SMD - 0R - 1% - 0402 New Description=R - RESISTOR - SMD - 1k - 1% - 0603
Change Component Description : Designator=Rioutsns1 Old Description=R - RESISTOR - SMD - 0R - 1% - 0402 New Description=R - RESISTOR - SMD - 1k - 1% - 0603
Change Component Description : Designator=Rioutsns2 Old Description=R - RESISTOR - SMD - 0R - 1% - 0402 New Description=R - RESISTOR - SMD - 1k - 1% - 0603
Change component parameters: Designator = "Riinsns1"; Footprint = "R_0603"; UniqueID = "\HDTXAQRQ"
Change component parameters. Clean all parameters for all variants
Change component parameters (AddParameter): Name = "JLC Availability"; Value = "Basic"; VariantName = "[No Variations]"
Change component parameters (AddParameter): Name = "LCSC Part #"; Value = "C21190"; VariantName = "[No Variations]"
Change component parameters (AddParameter): Name = "Value"; Value = "1k"; VariantName = "[No Variations]"
Change component parameters (AddParameter): Name = "JLC Availability"; Value = "Basic"; VariantName = "CS_OUT"
Change component parameters (AddParameter): Name = "LCSC Part #"; Value = "C21190"; VariantName = "CS_OUT"
Change component parameters (AddParameter): Name = "Value"; Value = "1k"; VariantName = "CS_OUT"
Change component parameters: Designator = "Riinsns2"; Footprint = "R_0603"; UniqueID = "\FCXUVNES"
Change component parameters. Clean all parameters for all variants
Change component parameters (AddParameter): Name = "JLC Availability"; Value = "Basic"; VariantName = "[No Variations]"
Change component parameters (AddParameter): Name = "LCSC Part #"; Value = "C21190"; VariantName = "[No Variations]"
Change component parameters (AddParameter): Name = "Value"; Value = "1k"; VariantName = "[No Variations]"
Change component parameters (AddParameter): Name = "JLC Availability"; Value = "Basic"; VariantName = "CS_OUT"
Change component parameters (AddParameter): Name = "LCSC Part #"; Value = "C21190"; VariantName = "CS_OUT"
Change component parameters (AddParameter): Name = "Value"; Value = "1k"; VariantName = "CS_OUT"
Change component parameters: Designator = "Rioutsns1"; Footprint = "R_0603"; UniqueID = "\ERIGQJCX"
Change component parameters. Clean all parameters for all variants
Change component parameters (AddParameter): Name = "JLC Availability"; Value = "Basic"; VariantName = "[No Variations]"
Change component parameters (AddParameter): Name = "LCSC Part #"; Value = "C21190"; VariantName = "[No Variations]"
Change component parameters (AddParameter): Name = "Value"; Value = "1k"; VariantName = "[No Variations]"
Change component parameters: Designator = "Rioutsns2"; Footprint = "R_0603"; UniqueID = "\UDLQQKJS"
Change component parameters. Clean all parameters for all variants
Change component parameters (AddParameter): Name = "JLC Availability"; Value = "Basic"; VariantName = "[No Variations]"
Change component parameters (AddParameter): Name = "LCSC Part #"; Value = "C21190"; VariantName = "[No Variations]"
Change component parameters (AddParameter): Name = "Value"; Value = "1k"; VariantName = "[No Variations]"
Added Member To Class: ClassName=SM3320-BATT-EV Member=Component Ciin 0402B102K500NT
Added Member To Class: ClassName=SM3320-BATT-EV Member=Component Ciout 0402B102K500NT
Added Member To Class: ClassName=SM3320-BATT-EV Member=Component Riin 0402WGF4702TCE
Added Member To Class: ClassName=SM3320-BATT-EV Member=Component Riout 0402WGF4702TCE
