Removed Pin From Net: NetName=SHDN Pin=U-1
Removed Pin From Net: NetName=CSN Pin=U-2
Removed Pin From Net: NetName=CSP Pin=U-3
Removed Pin From Net: NetName=LDO33 Pin=U-4
Removed Pin From Net: NetName=FBIN Pin=U-5
Removed Pin From Net: NetName=FBOUT Pin=U-6
Removed Pin From Net: NetName=IMON_OUT Pin=U-7
Removed Pin From Net: NetName=VC Pin=U-8
Removed Pin From Net: NetName=SS Pin=U-9
Removed Pin From Net: NetName=RT Pin=U-12
Removed Pin From Net: NetName=GND Pin=U-13
Removed Pin From Net: NetName=BG1 Pin=U-14
Removed Pin From Net: NetName=GATEVCC Pin=U-15
Removed Pin From Net: NetName=BG2 Pin=U-16
Removed Pin From Net: NetName=BOOST2 Pin=U-17
Removed Pin From Net: NetName=TG2 Pin=U-18
Removed Pin From Net: NetName=SW2 Pin=U-19
Removed Pin From Net: NetName=SW1 Pin=U-21
Removed Pin From Net: NetName=TG1 Pin=U-22
Removed Pin From Net: NetName=BOOST1 Pin=U-23
Removed Pin From Net: NetName=EXTVCC Pin=U-29
Removed Pin From Net: NetName=VOUT_N Pin=U-30
Removed Pin From Net: NetName=CSPOUT Pin=U-31
Removed Pin From Net: NetName=CSNIN Pin=U-32
Removed Pin From Net: NetName=VIN_P Pin=U-33
Removed Pin From Net: NetName=VIN Pin=U-34
Removed Pin From Net: NetName=INTVCC Pin=U-35
Removed Pin From Net: NetName=SWEN Pin=U-36
Removed Pin From Net: NetName=MODE Pin=U-37
Removed Pin From Net: NetName=IMON_IN Pin=U-38
Removed Pin From Net: NetName=GND Pin=U-39
Removed Member From Class: ClassName=SM3320-BATT-EV Member=U
Added Component: Designator=U?(TSSOP-28-EP-P0.65MM-W4.4MM)
Add component. Clean all parameters for all variants
Add component (AddParameter): Name = "Availability"; Value = "Extended"; VariantName = "[No Variations]"
Add component (AddParameter): Name = "LCSC Part #"; Value = "C442493"; VariantName = "[No Variations]"
Add component (AddParameter): Name = "MP"; Value = "LM5176QPWPR"; VariantName = "[No Variations]"
Add component (AddParameter): Name = "Package"; Value = "None"; VariantName = "[No Variations]"
Add component (AddParameter): Name = "Price"; Value = "None"; VariantName = "[No Variations]"
Add component (AddParameter): Name = "Value"; Value = ""; VariantName = "[No Variations]"
Added Pin To Net: NetName=GND Pin=U?-0
Added Pin To Net: NetName=GND Pin=U?-10
Added Pin To Net: NetName=CSN Pin=U?-15
Added Pin To Net: NetName=CSP Pin=U?-16
Added Pin To Net: NetName=SW2 Pin=U?-18
Added Pin To Net: NetName=TG2 Pin=U?-19
Added Pin To Net: NetName=BOOST2 Pin=U?-20
Added Pin To Net: NetName=BG2 Pin=U?-21
Added Pin To Net: NetName=GND Pin=U?-22
Added Pin To Net: NetName=INTVCC Pin=U?-23
Added Pin To Net: NetName=BG1 Pin=U?-25
Added Pin To Net: NetName=BOOST1 Pin=U?-26
Added Pin To Net: NetName=TG1 Pin=U?-27
Added Pin To Net: NetName=SW1 Pin=U?-28
Added Pin To Net: NetName=VIN_D Pin=U?-2
Added Net: Name=VIN_D
Added Member To Class: ClassName=SM3320-BATT-EV Member=Component U? LM5176PWPR
