Change Component DesignItemId : Designator=C14 Old DesignItemId=0402B102K500NT New DesignItemId=0402CG6R8C500NT
Change Component DesignItemId : Designator=C15 Old DesignItemId=0402B102K500NT New DesignItemId=0402CG6R8C500NT
Change Component DesignItemId : Designator=Rcsg Old DesignItemId=0402WGF100JTCE New DesignItemId=0402WGF1000TCE
Change Component DesignItemId : Designator=Rcsp Old DesignItemId=0402WGF100JTCE New DesignItemId=0402WGF1000TCE
Change Component DesignItemId : Designator=Risns+ Old DesignItemId=0402WGF100JTCE New DesignItemId=0402WGF1000TCE
Change Component DesignItemId : Designator=Risns- Old DesignItemId=0402WGF100JTCE New DesignItemId=0402WGF1000TCE
Change Component Comment : Designator=C14 Old Comment=0402B102K500NT New Comment=0402CG6R8C500NT
Change Component Comment : Designator=C15 Old Comment=0402B102K500NT New Comment=0402CG6R8C500NT
Change Component Comment : Designator=Rcsg Old Comment=0402WGF100JTCE New Comment=0402WGF1000TCE
Change Component Comment : Designator=Rcsp Old Comment=0402WGF100JTCE New Comment=0402WGF1000TCE
Change Component Comment : Designator=Risns+ Old Comment=0402WGF100JTCE New Comment=0402WGF1000TCE
Change Component Comment : Designator=Risns- Old Comment=0402WGF100JTCE New Comment=0402WGF1000TCE
Change Component Description : Designator=C14 Old Description=C - CAPACITOR - MLCC - 1nF - 50V - 0402 New Description=C - CAPACITOR - MLCC - 6.8pF - 50V - 0402
Change Component Description : Designator=C15 Old Description=C - CAPACITOR - MLCC - 1nF - 50V - 0402 New Description=C - CAPACITOR - MLCC - 6.8pF - 50V - 0402
Change Component Description : Designator=Rcsg Old Description=R - RESISTOR - SMD - 10R - 1% - 0402 New Description=R - RESISTOR - SMD - 100R - 1% - 0402
Change Component Description : Designator=Rcsp Old Description=R - RESISTOR - SMD - 10R - 1% - 0402 New Description=R - RESISTOR - SMD - 100R - 1% - 0402
Change Component Description : Designator=Risns+ Old Description=R - RESISTOR - SMD - 10R - 1% - 0402 New Description=R - RESISTOR - SMD - 100R - 1% - 0402
Change Component Description : Designator=Risns- Old Description=R - RESISTOR - SMD - 10R - 1% - 0402 New Description=R - RESISTOR - SMD - 100R - 1% - 0402
Change component parameters: Designator = "C14"; Footprint = "C_0402"; UniqueID = "\WGQWWSPS"
Change component parameters. Clean all parameters for all variants
Change component parameters (AddParameter): Name = "JLC Availability"; Value = "Basic"; VariantName = "[No Variations]"
Change component parameters (AddParameter): Name = "LCSC Part #"; Value = "C1576"; VariantName = "[No Variations]"
Change component parameters (AddParameter): Name = "Value"; Value = "6.8pF"; VariantName = "[No Variations]"
Change component parameters (AddParameter): Name = "WVDC"; Value = "50"; VariantName = "[No Variations]"
Change component parameters: Designator = "C15"; Footprint = "C_0402"; UniqueID = "\RPTULPCL"
Change component parameters. Clean all parameters for all variants
Change component parameters (AddParameter): Name = "JLC Availability"; Value = "Basic"; VariantName = "[No Variations]"
Change component parameters (AddParameter): Name = "LCSC Part #"; Value = "C1576"; VariantName = "[No Variations]"
Change component parameters (AddParameter): Name = "Value"; Value = "6.8pF"; VariantName = "[No Variations]"
Change component parameters (AddParameter): Name = "WVDC"; Value = "50"; VariantName = "[No Variations]"
Change component parameters: Designator = "Rcsg"; Footprint = "R_0402"; UniqueID = "\SQYDLOFX"
Change component parameters. Clean all parameters for all variants
Change component parameters (AddParameter): Name = "JLC Availability"; Value = "Basic"; VariantName = "[No Variations]"
Change component parameters (AddParameter): Name = "LCSC Part #"; Value = "C25076"; VariantName = "[No Variations]"
Change component parameters (AddParameter): Name = "Value"; Value = "100R"; VariantName = "[No Variations]"
Change component parameters: Designator = "Rcsp"; Footprint = "R_0402"; UniqueID = "\DUYOWEQT"
Change component parameters. Clean all parameters for all variants
Change component parameters (AddParameter): Name = "JLC Availability"; Value = "Basic"; VariantName = "[No Variations]"
Change component parameters (AddParameter): Name = "LCSC Part #"; Value = "C25076"; VariantName = "[No Variations]"
Change component parameters (AddParameter): Name = "Value"; Value = "100R"; VariantName = "[No Variations]"
Change component parameters: Designator = "Risns+"; Footprint = "R_0402"; UniqueID = "\SGFOMOGB"
Change component parameters. Clean all parameters for all variants
Change component parameters (AddParameter): Name = "JLC Availability"; Value = "Basic"; VariantName = "[No Variations]"
Change component parameters (AddParameter): Name = "LCSC Part #"; Value = "C25076"; VariantName = "[No Variations]"
Change component parameters (AddParameter): Name = "Value"; Value = "100R"; VariantName = "[No Variations]"
Change component parameters: Designator = "Risns-"; Footprint = "R_0402"; UniqueID = "\QECAYJMN"
Change component parameters. Clean all parameters for all variants
Change component parameters (AddParameter): Name = "JLC Availability"; Value = "Basic"; VariantName = "[No Variations]"
Change component parameters (AddParameter): Name = "LCSC Part #"; Value = "C25076"; VariantName = "[No Variations]"
Change component parameters (AddParameter): Name = "Value"; Value = "100R"; VariantName = "[No Variations]"
