Replace Part C1 1206B105K101NT in C:\git\solarmagic\texas\SM3320-BATT-EV.SchDoc with 1206B105K101NT from JLC_PCB.SchLib
Replace Part C4 1206B105K101NT in C:\git\solarmagic\texas\SM3320-BATT-EV.SchDoc with 1206B105K101NT from JLC_PCB.SchLib
Replace Part C5 1206B105K101NT in C:\git\solarmagic\texas\SM3320-BATT-EV.SchDoc with 1206B105K101NT from JLC_PCB.SchLib
Replace Part C6 1206B105K101NT in C:\git\solarmagic\texas\SM3320-BATT-EV.SchDoc with 1206B105K101NT from JLC_PCB.SchLib
Replace Part C7 1206B105K101NT in C:\git\solarmagic\texas\SM3320-BATT-EV.SchDoc with 1206B105K101NT from JLC_PCB.SchLib
Replace Part C8 1206B105K101NT in C:\git\solarmagic\texas\SM3320-BATT-EV.SchDoc with 1206B105K101NT from JLC_PCB.SchLib
Replace Part C9 1206B105K101NT in C:\git\solarmagic\texas\SM3320-BATT-EV.SchDoc with 1206B105K101NT from JLC_PCB.SchLib
Replace Part C10 1206B105K101NT in C:\git\solarmagic\texas\SM3320-BATT-EV.SchDoc with 1206B105K101NT from JLC_PCB.SchLib
Replace Part C11 1206B105K101NT in C:\git\solarmagic\texas\SM3320-BATT-EV.SchDoc with 1206B105K101NT from JLC_PCB.SchLib
Replace Part C12 1206B105K101NT in C:\git\solarmagic\texas\SM3320-BATT-EV.SchDoc with 1206B105K101NT from JLC_PCB.SchLib
Replace Part C14 0402B102K500NT in C:\git\solarmagic\texas\SM3320-BATT-EV.SchDoc with 0402B102K500NT from JLC_PCB.SchLib
Replace Part C15 0402B102K500NT in C:\git\solarmagic\texas\SM3320-BATT-EV.SchDoc with 0402B102K500NT from JLC_PCB.SchLib
Replace Part C16 1206B105K101NT in C:\git\solarmagic\texas\SM3320-BATT-EV.SchDoc with 1206B105K101NT from JLC_PCB.SchLib
Replace Part C18 1206B102K202NT in C:\git\solarmagic\texas\SM3320-BATT-EV.SchDoc with 1206B102K202NT from JLC_PCB.SchLib
Replace Part C19 1206B102K202NT in C:\git\solarmagic\texas\SM3320-BATT-EV.SchDoc with 1206B102K202NT from JLC_PCB.SchLib
Replace Part C20 1206B105K101NT in C:\git\solarmagic\texas\SM3320-BATT-EV.SchDoc with 1206B105K101NT from JLC_PCB.SchLib
Replace Part C25 1206B105K101NT in C:\git\solarmagic\texas\SM3320-BATT-EV.SchDoc with 1206B105K101NT from JLC_PCB.SchLib
Replace Part C27 1206B105K101NT in C:\git\solarmagic\texas\SM3320-BATT-EV.SchDoc with 1206B105K101NT from JLC_PCB.SchLib
Replace Part C28 1206B105K101NT in C:\git\solarmagic\texas\SM3320-BATT-EV.SchDoc with 1206B105K101NT from JLC_PCB.SchLib
Replace Part C30 1206B105K101NT in C:\git\solarmagic\texas\SM3320-BATT-EV.SchDoc with 1206B105K101NT from JLC_PCB.SchLib
Replace Part C36 1206B105K101NT in C:\git\solarmagic\texas\SM3320-BATT-EV.SchDoc with 1206B105K101NT from JLC_PCB.SchLib
Replace Part C41 1206B105K101NT in C:\git\solarmagic\texas\SM3320-BATT-EV.SchDoc with 1206B105K101NT from JLC_PCB.SchLib
Replace Part C44 1206B105K101NT in C:\git\solarmagic\texas\SM3320-BATT-EV.SchDoc with 1206B105K101NT from JLC_PCB.SchLib
Replace Part C45 VZH470M2ATR-1010 in C:\git\solarmagic\texas\SM3320-BATT-EV.SchDoc with VZH470M2ATR-1010 from JLC_PCB.SchLib
Replace Part C50 1206B105K101NT in C:\git\solarmagic\texas\SM3320-BATT-EV.SchDoc with 1206B105K101NT from JLC_PCB.SchLib
Replace Part C51 1206B105K101NT in C:\git\solarmagic\texas\SM3320-BATT-EV.SchDoc with 1206B105K101NT from JLC_PCB.SchLib
Replace Part C52 VZH470M2ATR-1010 in C:\git\solarmagic\texas\SM3320-BATT-EV.SchDoc with VZH470M2ATR-1010 from JLC_PCB.SchLib
Replace Part C54 VZH470M2ATR-1010 in C:\git\solarmagic\texas\SM3320-BATT-EV.SchDoc with VZH470M2ATR-1010 from JLC_PCB.SchLib
Replace Part C55 VZH470M2ATR-1010 in C:\git\solarmagic\texas\SM3320-BATT-EV.SchDoc with VZH470M2ATR-1010 from JLC_PCB.SchLib
Replace Part C56 CL05A105KA5NQNC in C:\git\solarmagic\texas\SM3320-BATT-EV.SchDoc with CL05A105KA5NQNC from JLC_PCB.SchLib
Replace Part C60 CL05A105KA5NQNC in C:\git\solarmagic\texas\SM3320-BATT-EV.SchDoc with CL05A105KA5NQNC from JLC_PCB.SchLib
Replace Part C61 CL05A105KA5NQNC in C:\git\solarmagic\texas\SM3320-BATT-EV.SchDoc with CL05A105KA5NQNC from JLC_PCB.SchLib
Replace Part C70 1206B105K101NT in C:\git\solarmagic\texas\SM3320-BATT-EV.SchDoc with 1206B105K101NT from JLC_PCB.SchLib
Replace Part C72 1206B105K101NT in C:\git\solarmagic\texas\SM3320-BATT-EV.SchDoc with 1206B105K101NT from JLC_PCB.SchLib
Replace Part C130 1206B105K101NT in C:\git\solarmagic\texas\SM3320-BATT-EV.SchDoc with 1206B105K101NT from JLC_PCB.SchLib
Replace Part C410 1206B105K101NT in C:\git\solarmagic\texas\SM3320-BATT-EV.SchDoc with 1206B105K101NT from JLC_PCB.SchLib
Replace Part C450 1206B105K101NT in C:\git\solarmagic\texas\SM3320-BATT-EV.SchDoc with 1206B105K101NT from JLC_PCB.SchLib
Replace Part C470 1206B105K101NT in C:\git\solarmagic\texas\SM3320-BATT-EV.SchDoc with 1206B105K101NT from JLC_PCB.SchLib
Replace Part C620 1206B105K101NT in C:\git\solarmagic\texas\SM3320-BATT-EV.SchDoc with 1206B105K101NT from JLC_PCB.SchLib
Replace Part Cbias CC0603KRX7R9BB104 in C:\git\solarmagic\texas\SM3320-BATT-EV.SchDoc with CC0603KRX7R9BB104 from JLC_PCB.SchLib
Replace Part Cboot1 CL05B224KO5NNNC in C:\git\solarmagic\texas\SM3320-BATT-EV.SchDoc with CL05B224KO5NNNC from JLC_PCB.SchLib
Replace Part Cboot2 CL05B224KO5NNNC in C:\git\solarmagic\texas\SM3320-BATT-EV.SchDoc with CL05B224KO5NNNC from JLC_PCB.SchLib
Replace Part Ccomp CL05B103KB5NNNC in C:\git\solarmagic\texas\SM3320-BATT-EV.SchDoc with CL05B103KB5NNNC from JLC_PCB.SchLib
Replace Part Ccomp2 0402B151K500NT in C:\git\solarmagic\texas\SM3320-BATT-EV.SchDoc with 0402B151K500NT from JLC_PCB.SchLib
Replace Part Cf 1206B105K101NT in C:\git\solarmagic\texas\SM3320-BATT-EV.SchDoc with 1206B105K101NT from JLC_PCB.SchLib
Replace Part CISNS CL05A105KA5NQNC in C:\git\solarmagic\texas\SM3320-BATT-EV.SchDoc with CL05A105KA5NQNC from JLC_PCB.SchLib
Replace Part Cslope CL10C331JB8NNNC in C:\git\solarmagic\texas\SM3320-BATT-EV.SchDoc with CL10C331JB8NNNC from JLC_PCB.SchLib
Replace Part Css CL05B104KO5NNNC in C:\git\solarmagic\texas\SM3320-BATT-EV.SchDoc with CL05B104KO5NNNC from JLC_PCB.SchLib
Replace Part Cvcc CL05A105KA5NQNC in C:\git\solarmagic\texas\SM3320-BATT-EV.SchDoc with CL05A105KA5NQNC from JLC_PCB.SchLib
Replace Part D1_a SS210 in C:\git\solarmagic\texas\SM3320-BATT-EV.SchDoc with SS210 from JLC_PCB.SchLib
Replace Part D1_b SS210 in C:\git\solarmagic\texas\SM3320-BATT-EV.SchDoc with SS210 from JLC_PCB.SchLib
Replace Part D1_c SS210 in C:\git\solarmagic\texas\SM3320-BATT-EV.SchDoc with SS210 from JLC_PCB.SchLib
Replace Part D1_d SS210 in C:\git\solarmagic\texas\SM3320-BATT-EV.SchDoc with SS210 from JLC_PCB.SchLib
Replace Part D1_e SS210 in C:\git\solarmagic\texas\SM3320-BATT-EV.SchDoc with SS210 from JLC_PCB.SchLib
Replace Part D1_f SS210 in C:\git\solarmagic\texas\SM3320-BATT-EV.SchDoc with SS210 from JLC_PCB.SchLib
Replace Part D2_a SS210 in C:\git\solarmagic\texas\SM3320-BATT-EV.SchDoc with SS210 from JLC_PCB.SchLib
Replace Part D2_b SS210 in C:\git\solarmagic\texas\SM3320-BATT-EV.SchDoc with SS210 from JLC_PCB.SchLib
Replace Part D2_c SS210 in C:\git\solarmagic\texas\SM3320-BATT-EV.SchDoc with SS210 from JLC_PCB.SchLib
Replace Part D2_d SS210 in C:\git\solarmagic\texas\SM3320-BATT-EV.SchDoc with SS210 from JLC_PCB.SchLib
Replace Part D2_e SS210 in C:\git\solarmagic\texas\SM3320-BATT-EV.SchDoc with SS210 from JLC_PCB.SchLib
Replace Part D2_f SS210 in C:\git\solarmagic\texas\SM3320-BATT-EV.SchDoc with SS210 from JLC_PCB.SchLib
Replace Part D3_a SS210 in C:\git\solarmagic\texas\SM3320-BATT-EV.SchDoc with SS210 from JLC_PCB.SchLib
Replace Part D3_b SS210 in C:\git\solarmagic\texas\SM3320-BATT-EV.SchDoc with SS210 from JLC_PCB.SchLib
Replace Part D3_c SS210 in C:\git\solarmagic\texas\SM3320-BATT-EV.SchDoc with SS210 from JLC_PCB.SchLib
Replace Part D3_d SS210 in C:\git\solarmagic\texas\SM3320-BATT-EV.SchDoc with SS210 from JLC_PCB.SchLib
Replace Part D3_e SS210 in C:\git\solarmagic\texas\SM3320-BATT-EV.SchDoc with SS210 from JLC_PCB.SchLib
Replace Part D3_f SS210 in C:\git\solarmagic\texas\SM3320-BATT-EV.SchDoc with SS210 from JLC_PCB.SchLib
Replace Part D4_a SS210 in C:\git\solarmagic\texas\SM3320-BATT-EV.SchDoc with SS210 from JLC_PCB.SchLib
Replace Part D4_b SS210 in C:\git\solarmagic\texas\SM3320-BATT-EV.SchDoc with SS210 from JLC_PCB.SchLib
Replace Part D4_c SS210 in C:\git\solarmagic\texas\SM3320-BATT-EV.SchDoc with SS210 from JLC_PCB.SchLib
Replace Part D4_d SS210 in C:\git\solarmagic\texas\SM3320-BATT-EV.SchDoc with SS210 from JLC_PCB.SchLib
Replace Part D4_e SS210 in C:\git\solarmagic\texas\SM3320-BATT-EV.SchDoc with SS210 from JLC_PCB.SchLib
Replace Part D4_f SS210 in C:\git\solarmagic\texas\SM3320-BATT-EV.SchDoc with SS210 from JLC_PCB.SchLib
Replace Part D7 SS210 in C:\git\solarmagic\texas\SM3320-BATT-EV.SchDoc with SS210 from JLC_PCB.SchLib
Replace Part D9 SS210 in C:\git\solarmagic\texas\SM3320-BATT-EV.SchDoc with SS210 from JLC_PCB.SchLib
Replace Part D12 SS210 in C:\git\solarmagic\texas\SM3320-BATT-EV.SchDoc with SS210 from JLC_PCB.SchLib
Replace Part D13 SS210 in C:\git\solarmagic\texas\SM3320-BATT-EV.SchDoc with SS210 from JLC_PCB.SchLib
Replace Part D14 SS210 in C:\git\solarmagic\texas\SM3320-BATT-EV.SchDoc with SS210 from JLC_PCB.SchLib
Replace Part D15 SS210 in C:\git\solarmagic\texas\SM3320-BATT-EV.SchDoc with SS210 from JLC_PCB.SchLib
Replace Part D_1A_G ZMM5V6-M in C:\git\solarmagic\texas\SM3320-BATT-EV.SchDoc with ZMM5V6-M from JLC_PCB.SchLib
Replace Part D_1B_G ZMM5V6-M in C:\git\solarmagic\texas\SM3320-BATT-EV.SchDoc with ZMM5V6-M from JLC_PCB.SchLib
Replace Part D_CLAMP_1 ZMM5V6-M in C:\git\solarmagic\texas\SM3320-BATT-EV.SchDoc with ZMM5V6-M from JLC_PCB.SchLib
Replace Part D_CLAMP_2 ZMM5V6-M in C:\git\solarmagic\texas\SM3320-BATT-EV.SchDoc with ZMM5V6-M from JLC_PCB.SchLib
Replace Part D_CLAMP_3 ZMM5V6-M in C:\git\solarmagic\texas\SM3320-BATT-EV.SchDoc with ZMM5V6-M from JLC_PCB.SchLib
Replace Part D_CLAMP_4 ZMM5V6-M in C:\git\solarmagic\texas\SM3320-BATT-EV.SchDoc with ZMM5V6-M from JLC_PCB.SchLib
Replace Part D_CLAMP_5 ZMM5V6-M in C:\git\solarmagic\texas\SM3320-BATT-EV.SchDoc with ZMM5V6-M from JLC_PCB.SchLib
Replace Part D_CLAMP_6 ZMM5V6-M in C:\git\solarmagic\texas\SM3320-BATT-EV.SchDoc with ZMM5V6-M from JLC_PCB.SchLib
Replace Part D_CLAMP_7 ZMM5V6-M in C:\git\solarmagic\texas\SM3320-BATT-EV.SchDoc with ZMM5V6-M from JLC_PCB.SchLib
Replace Part D_CLAMP_8 ZMM5V6-M in C:\git\solarmagic\texas\SM3320-BATT-EV.SchDoc with ZMM5V6-M from JLC_PCB.SchLib
Replace Part D_CLAMP_9 ZMM5V6-M in C:\git\solarmagic\texas\SM3320-BATT-EV.SchDoc with ZMM5V6-M from JLC_PCB.SchLib
Replace Part D_CLAMP_10 ZMM5V6-M in C:\git\solarmagic\texas\SM3320-BATT-EV.SchDoc with ZMM5V6-M from JLC_PCB.SchLib
Replace Part D_CLAMP_11 ZMM5V6-M in C:\git\solarmagic\texas\SM3320-BATT-EV.SchDoc with ZMM5V6-M from JLC_PCB.SchLib
Replace Part D_CLAMP_12 ZMM5V6-M in C:\git\solarmagic\texas\SM3320-BATT-EV.SchDoc with ZMM5V6-M from JLC_PCB.SchLib
Replace Part D_CLAMP_13 ZMM5V6-M in C:\git\solarmagic\texas\SM3320-BATT-EV.SchDoc with ZMM5V6-M from JLC_PCB.SchLib
Replace Part D_CLAMP_14 ZMM5V6-M in C:\git\solarmagic\texas\SM3320-BATT-EV.SchDoc with ZMM5V6-M from JLC_PCB.SchLib
Replace Part D_CLAMP_15 ZMM5V6-M in C:\git\solarmagic\texas\SM3320-BATT-EV.SchDoc with ZMM5V6-M from JLC_PCB.SchLib
Replace Part D_CLAMP_16 ZMM5V6-M in C:\git\solarmagic\texas\SM3320-BATT-EV.SchDoc with ZMM5V6-M from JLC_PCB.SchLib
Replace Part J1 2-406549-1 in C:\git\solarmagic\texas\SM3320-BATT-EV.SchDoc with 2-406549-1 from JLC_PCB.SchLib
Replace Part J2 2-406549-1 in C:\git\solarmagic\texas\SM3320-BATT-EV.SchDoc with 2-406549-1 from JLC_PCB.SchLib
Replace Part L1 SWRB1207S-221MT in C:\git\solarmagic\texas\SM3320-BATT-EV.SchDoc with SWRB1207S-221MT from JLC_PCB.SchLib
Replace Part L2 SWRB1207S-221MT in C:\git\solarmagic\texas\SM3320-BATT-EV.SchDoc with SWRB1207S-221MT from JLC_PCB.SchLib
Replace Part L3 SWRB1207S-221MT in C:\git\solarmagic\texas\SM3320-BATT-EV.SchDoc with SWRB1207S-221MT from JLC_PCB.SchLib
Replace Part L4 SWRB1207S-221MT in C:\git\solarmagic\texas\SM3320-BATT-EV.SchDoc with SWRB1207S-221MT from JLC_PCB.SchLib
Replace Part L5 SWRB1207S-221MT in C:\git\solarmagic\texas\SM3320-BATT-EV.SchDoc with SWRB1207S-221MT from JLC_PCB.SchLib
Replace Part L6 SWRB1207S-221MT in C:\git\solarmagic\texas\SM3320-BATT-EV.SchDoc with SWRB1207S-221MT from JLC_PCB.SchLib
Replace Part L7 SWRB1207S-221MT in C:\git\solarmagic\texas\SM3320-BATT-EV.SchDoc with SWRB1207S-221MT from JLC_PCB.SchLib
Replace Part L8 SWRB1207S-221MT in C:\git\solarmagic\texas\SM3320-BATT-EV.SchDoc with SWRB1207S-221MT from JLC_PCB.SchLib
Replace Part L9 SWRB1207S-221MT in C:\git\solarmagic\texas\SM3320-BATT-EV.SchDoc with SWRB1207S-221MT from JLC_PCB.SchLib
Replace Part L10 SWRB1207S-221MT in C:\git\solarmagic\texas\SM3320-BATT-EV.SchDoc with SWRB1207S-221MT from JLC_PCB.SchLib
Replace Part L11 SWRB1207S-221MT in C:\git\solarmagic\texas\SM3320-BATT-EV.SchDoc with SWRB1207S-221MT from JLC_PCB.SchLib
Replace Part L12 SWRB1207S-221MT in C:\git\solarmagic\texas\SM3320-BATT-EV.SchDoc with SWRB1207S-221MT from JLC_PCB.SchLib
Replace Part Q1 IRF9540NSTRLPBF in C:\git\solarmagic\texas\SM3320-BATT-EV.SchDoc with IRF9540NSTRLPBF from JLC_PCB.SchLib
Replace Part Q2 IRF9540NSTRLPBF in C:\git\solarmagic\texas\SM3320-BATT-EV.SchDoc with IRF9540NSTRLPBF from JLC_PCB.SchLib
Replace Part Q3 IRF9540NSTRLPBF in C:\git\solarmagic\texas\SM3320-BATT-EV.SchDoc with IRF9540NSTRLPBF from JLC_PCB.SchLib
Replace Part Q4 IRF9540NSTRLPBF in C:\git\solarmagic\texas\SM3320-BATT-EV.SchDoc with IRF9540NSTRLPBF from JLC_PCB.SchLib
Replace Part Q_LEDA 2N7002 in C:\git\solarmagic\texas\SM3320-BATT-EV.SchDoc with 2N7002 from JLC_PCB.SchLib
Replace Part Q_LEDB 2N7002 in C:\git\solarmagic\texas\SM3320-BATT-EV.SchDoc with 2N7002 from JLC_PCB.SchLib
Replace Part Q_LEDVSS 2N7002 in C:\git\solarmagic\texas\SM3320-BATT-EV.SchDoc with 2N7002 from JLC_PCB.SchLib
Replace Part R1 EWSL2512F1L00S9 in C:\git\solarmagic\texas\SM3320-BATT-EV.SchDoc with EWSL2512F1L00S9 from JLC_PCB.SchLib
Replace Part R3 0402WGF1002TCE in C:\git\solarmagic\texas\SM3320-BATT-EV.SchDoc with 0402WGF1002TCE from JLC_PCB.SchLib
Replace Part R4 0402WGF1002TCE in C:\git\solarmagic\texas\SM3320-BATT-EV.SchDoc with 0402WGF1002TCE from JLC_PCB.SchLib
Replace Part R10 EWSL2512F1L00S9 in C:\git\solarmagic\texas\SM3320-BATT-EV.SchDoc with EWSL2512F1L00S9 from JLC_PCB.SchLib
Replace Part R13 0603WAF100KT5E in C:\git\solarmagic\texas\SM3320-BATT-EV.SchDoc with 0603WAF100KT5E from JLC_PCB.SchLib
Replace Part R16 0603WAF1002T5E in C:\git\solarmagic\texas\SM3320-BATT-EV.SchDoc with 0603WAF1002T5E from JLC_PCB.SchLib
Replace Part R18 0402WGF100JTCE in C:\git\solarmagic\texas\SM3320-BATT-EV.SchDoc with 0402WGF100JTCE from JLC_PCB.SchLib
Replace Part R18_a 0402WGF100JTCE in C:\git\solarmagic\texas\SM3320-BATT-EV.SchDoc with 0402WGF100JTCE from JLC_PCB.SchLib
Replace Part R19 0402WGF100JTCE in C:\git\solarmagic\texas\SM3320-BATT-EV.SchDoc with 0402WGF100JTCE from JLC_PCB.SchLib
Replace Part R19_a 0402WGF100JTCE in C:\git\solarmagic\texas\SM3320-BATT-EV.SchDoc with 0402WGF100JTCE from JLC_PCB.SchLib
Replace Part R22 0402WGF1002TCE in C:\git\solarmagic\texas\SM3320-BATT-EV.SchDoc with 0402WGF1002TCE from JLC_PCB.SchLib
Replace Part R23 0402WGF1002TCE in C:\git\solarmagic\texas\SM3320-BATT-EV.SchDoc with 0402WGF1002TCE from JLC_PCB.SchLib
Replace Part R32 0402WGF100JTCE in C:\git\solarmagic\texas\SM3320-BATT-EV.SchDoc with 0402WGF100JTCE from JLC_PCB.SchLib
Replace Part R32_a 0402WGF100JTCE in C:\git\solarmagic\texas\SM3320-BATT-EV.SchDoc with 0402WGF100JTCE from JLC_PCB.SchLib
Replace Part R33 0402WGF100JTCE in C:\git\solarmagic\texas\SM3320-BATT-EV.SchDoc with 0402WGF100JTCE from JLC_PCB.SchLib
Replace Part R33_a 0402WGF100JTCE in C:\git\solarmagic\texas\SM3320-BATT-EV.SchDoc with 0402WGF100JTCE from JLC_PCB.SchLib
Replace Part R40 EWSL2512F1L00S9 in C:\git\solarmagic\texas\SM3320-BATT-EV.SchDoc with EWSL2512F1L00S9 from JLC_PCB.SchLib
Replace Part R48 0603WAF1002T5E in C:\git\solarmagic\texas\SM3320-BATT-EV.SchDoc with 0603WAF1002T5E from JLC_PCB.SchLib
Replace Part R49 0603WAF1002T5E in C:\git\solarmagic\texas\SM3320-BATT-EV.SchDoc with 0603WAF1002T5E from JLC_PCB.SchLib
Replace Part R53 0603WAF100KT5E in C:\git\solarmagic\texas\SM3320-BATT-EV.SchDoc with 0603WAF100KT5E from JLC_PCB.SchLib
Replace Part R54 0603WAF1002T5E in C:\git\solarmagic\texas\SM3320-BATT-EV.SchDoc with 0603WAF1002T5E from JLC_PCB.SchLib
Replace Part R62 0402WGF0000TCE in C:\git\solarmagic\texas\SM3320-BATT-EV.SchDoc with 0402WGF0000TCE from JLC_PCB.SchLib
Replace Part R100 0402WGF1000TCE in C:\git\solarmagic\texas\SM3320-BATT-EV.SchDoc with 0402WGF1000TCE from JLC_PCB.SchLib
Replace Part R101 0402WGF1000TCE in C:\git\solarmagic\texas\SM3320-BATT-EV.SchDoc with 0402WGF1000TCE from JLC_PCB.SchLib
Replace Part R102 0402WGF1000TCE in C:\git\solarmagic\texas\SM3320-BATT-EV.SchDoc with 0402WGF1000TCE from JLC_PCB.SchLib
Replace Part R103 0402WGF1000TCE in C:\git\solarmagic\texas\SM3320-BATT-EV.SchDoc with 0402WGF1000TCE from JLC_PCB.SchLib
Replace Part R110 1206W4F100JT5E in C:\git\solarmagic\texas\SM3320-BATT-EV.SchDoc with 1206W4F100JT5E from JLC_PCB.SchLib
Replace Part R140 1206W4F100JT5E in C:\git\solarmagic\texas\SM3320-BATT-EV.SchDoc with 1206W4F100JT5E from JLC_PCB.SchLib
Replace Part R160 0402WGF0000TCE in C:\git\solarmagic\texas\SM3320-BATT-EV.SchDoc with 0402WGF0000TCE from JLC_PCB.SchLib
Replace Part R_1A_a 0402WGF4702TCE in C:\git\solarmagic\texas\SM3320-BATT-EV.SchDoc with 0402WGF4702TCE from JLC_PCB.SchLib
Replace Part R_1A_b 0402WGF4702TCE in C:\git\solarmagic\texas\SM3320-BATT-EV.SchDoc with 0402WGF4702TCE from JLC_PCB.SchLib
Replace Part R_1A_c 0402WGF1003TCE in C:\git\solarmagic\texas\SM3320-BATT-EV.SchDoc with 0402WGF1003TCE from JLC_PCB.SchLib
Replace Part R_1B_a 0402WGF4702TCE in C:\git\solarmagic\texas\SM3320-BATT-EV.SchDoc with 0402WGF4702TCE from JLC_PCB.SchLib
Replace Part R_1B_b 0402WGF4702TCE in C:\git\solarmagic\texas\SM3320-BATT-EV.SchDoc with 0402WGF4702TCE from JLC_PCB.SchLib
Replace Part R_1B_c 0402WGF1003TCE in C:\git\solarmagic\texas\SM3320-BATT-EV.SchDoc with 0402WGF1003TCE from JLC_PCB.SchLib
Replace Part R_LEDA_O 0402WGF0000TCE in C:\git\solarmagic\texas\SM3320-BATT-EV.SchDoc with 0402WGF0000TCE from JLC_PCB.SchLib
Replace Part R_LEDB_O 0402WGF0000TCE in C:\git\solarmagic\texas\SM3320-BATT-EV.SchDoc with 0402WGF0000TCE from JLC_PCB.SchLib
Replace Part Rcomp 0402WGF1202TCE in C:\git\solarmagic\texas\SM3320-BATT-EV.SchDoc with 0402WGF1202TCE from JLC_PCB.SchLib
Replace Part Rcsg 0402WGF100JTCE in C:\git\solarmagic\texas\SM3320-BATT-EV.SchDoc with 0402WGF100JTCE from JLC_PCB.SchLib
Replace Part Rcsp 0402WGF100JTCE in C:\git\solarmagic\texas\SM3320-BATT-EV.SchDoc with 0402WGF100JTCE from JLC_PCB.SchLib
Replace Part Rf 0402WGF0000TCE in C:\git\solarmagic\texas\SM3320-BATT-EV.SchDoc with 0402WGF0000TCE from JLC_PCB.SchLib
Replace Part RINT 0402WGF0000TCE in C:\git\solarmagic\texas\SM3320-BATT-EV.SchDoc with 0402WGF0000TCE from JLC_PCB.SchLib
Replace Part Risns+ 0402WGF100JTCE in C:\git\solarmagic\texas\SM3320-BATT-EV.SchDoc with 0402WGF100JTCE from JLC_PCB.SchLib
Replace Part Risns- 0402WGF100JTCE in C:\git\solarmagic\texas\SM3320-BATT-EV.SchDoc with 0402WGF100JTCE from JLC_PCB.SchLib
Replace Part Rmode 0402WGF1003TCE in C:\git\solarmagic\texas\SM3320-BATT-EV.SchDoc with 0402WGF1003TCE from JLC_PCB.SchLib
Replace Part Rpg 0402WGF1002TCE in C:\git\solarmagic\texas\SM3320-BATT-EV.SchDoc with 0402WGF1002TCE from JLC_PCB.SchLib
Replace Part Rt 0402WGF2202TCE in C:\git\solarmagic\texas\SM3320-BATT-EV.SchDoc with 0402WGF2202TCE from JLC_PCB.SchLib
Replace Part Ruvb 0402WGF2202TCE in C:\git\solarmagic\texas\SM3320-BATT-EV.SchDoc with 0402WGF2202TCE from JLC_PCB.SchLib
Replace Part Ruvt 0603WAF100KT5E in C:\git\solarmagic\texas\SM3320-BATT-EV.SchDoc with 0603WAF100KT5E from JLC_PCB.SchLib
Replace Part Rvinsns1 0402WGF0000TCE in C:\git\solarmagic\texas\SM3320-BATT-EV.SchDoc with 0402WGF0000TCE from JLC_PCB.SchLib
Replace Part Rvinsns2 0402WGF0000TCE in C:\git\solarmagic\texas\SM3320-BATT-EV.SchDoc with 0402WGF0000TCE from JLC_PCB.SchLib
Replace Part Rvisns 0402WGF2201TCE in C:\git\solarmagic\texas\SM3320-BATT-EV.SchDoc with 0402WGF2201TCE from JLC_PCB.SchLib
Replace Part Rvoutsns1 0402WGF0000TCE in C:\git\solarmagic\texas\SM3320-BATT-EV.SchDoc with 0402WGF0000TCE from JLC_PCB.SchLib
Replace Part Rvoutsns2 0402WGF0000TCE in C:\git\solarmagic\texas\SM3320-BATT-EV.SchDoc with 0402WGF0000TCE from JLC_PCB.SchLib
Replace Part U324 AP2127K-3.3TRG1 in C:\git\solarmagic\texas\SM3320-BATT-EV.SchDoc with AP2127K-3.3TRG1 from JLC_PCB.SchLib
Replace Part U? LM5176PWPR in C:\git\solarmagic\texas\SM3320-BATT-EV.SchDoc with LM5176PWPR from JLC_PCB.SchLib
